Posi	Sonar	Lidar	Fusion
-0.46	44.2	43.61	44.11
-0.39	37.88	38.65	37.99
-0.33	33.67	27.49	32.8
-0.26	39.99	28.31	38.35
-0.2	42.09	31.25	40.57
-0.13	37.88	34.69	37.43
-0.07	39.99	38.72	39.81
0.0	37.88	43.79	38.71
0.07	37.88	37.85	37.88
0.13	39.99	22.44	37.52
0.2	44.2	23.18	41.24
0.26	33.67	25.2	32.48
0.33	35.78	27.65	34.64
0.39	33.67	30.18	33.18
0.46	48.41	33.39	46.3
0.52	44.2	37.15	43.21
0.59	25.26	42.0	27.61
0.65	48.41	48.25	48.39
0.72	65.24	55.84	63.92
0.79	63.14	65.52	63.47
0.85	65.24	78.2	67.07
0.92	63.14	80	65.51
0.98	63.14	80	65.51
1.05	63.14	80	65.51
1.11	65.24	80	67.32
1.18	65.24	80	67.32
1.24	69.45	80	70.94
1.31	67.35	80	69.13
1.37	80	80	80.0
1.44	65.24	21.13	59.04
1.51	69.45	23.06	62.93
1.57	75.77	21.66	68.16
1.64	77.87	22.89	70.14
1.7	80	24.96	72.26
1.77	77.87	27.09	70.73
1.83	77.87	29.76	71.11
1.9	77.87	32.94	71.56
1.96	75.77	36.67	70.27
2.03	75.77	41.41	70.94
2.09	61.04	47.06	59.07
2.16	46.3	54.43	47.45
2.23	44.2	64.01	46.98
2.29	44.2	77.93	48.94
2.36	42.09	80	47.42
2.42	42.09	80	47.42
2.49	42.09	80	47.42
2.55	42.09	80	47.42
2.62	42.09	74.63	46.67
2.68	42.09	75.12	46.74
2.75	42.09	46.33	42.69
2.81	50.51	44.17	49.62
2.88	44.2	44.07	44.18
2.95	42.09	50.81	43.32
3.01	46.3	59.03	48.09
3.08	52.62	70.24	55.09
3.14	54.72	80	58.27
3.21	50.51	40.66	49.13
3.27	33.67	39.63	34.51
3.34	21.05	44.83	24.39
3.4	23.15	48.36	26.7
3.47	23.15	45.13	26.24
3.53	23.15	46.75	26.47
3.6	21.05	51.05	25.26
3.67	23.15	34.81	24.79
3.6	23.15	33.62	24.62
3.53	23.15	35.43	24.88
3.47	23.15	40.34	25.57
3.4	23.15	44.83	26.2
3.34	23.15	46.13	26.38
3.27	21.05	45.52	24.49
3.21	21.05	46.85	24.67
3.14	23.15	45.03	26.23
3.08	23.15	42.0	25.8
3.01	21.05	43.42	24.19
2.95	35.78	48.7	37.6
2.88	48.41	38.21	46.97
2.81	48.41	32.72	46.2
2.75	61.04	35.31	57.42
2.68	56.83	39.4	54.38
2.62	50.51	45.13	49.75
2.55	44.2	51.42	45.21
2.49	42.09	47.92	42.91
2.42	42.09	55.55	43.99
2.36	42.09	65.71	45.41
2.29	42.09	76.89	46.98
2.23	44.2	80	49.23
2.16	42.09	80	47.42
2.09	44.2	80	49.23
2.03	42.09	80	47.42
1.96	44.2	80	49.23
1.9	44.2	80	49.23
1.83	44.2	58.39	46.19
1.77	46.3	32.83	44.41
1.7	48.41	30.61	45.91
1.64	56.83	25.34	52.4
1.57	46.3	27.77	43.7
1.51	46.3	30.51	44.08
1.44	44.2	33.85	42.74
1.37	46.3	37.78	45.1
1.31	56.83	18.49	51.44
1.24	48.41	13.09	43.44
1.18	80	13.78	70.69
1.11	80	14.6	70.81
1.05	69.45	15.46	61.86
0.98	80	16.43	71.06
0.92	80	17.46	71.21
0.85	63.14	18.61	56.88
0.79	67.35	20.04	60.7
0.72	80	21.63	71.8
0.65	80	23.15	72.01
0.59	65.24	25.1	59.6
0.52	69.45	27.69	63.58
0.46	65.24	30.23	60.32
0.39	65.24	33.28	60.75
0.33	63.14	37.36	59.52
0.26	42.09	42.35	42.13
0.2	42.09	47.81	42.9
0.13	48.41	49.73	48.59
0.07	48.41	49.73	48.59
0.0	27.36	33.8	28.27
-0.07	25.26	29.49	25.85
-0.13	25.26	20.48	24.58
-0.2	25.26	20.93	24.65
-0.26	25.26	13.97	23.67
-0.33	35.78	13.76	32.68
-0.39	39.99	14.06	36.34
-0.46	39.99	14.88	36.46
-0.52	42.09	15.75	38.39
-0.46	48.41	16.7	43.95
-0.39	48.41	17.83	44.11
-0.33	46.3	19.03	42.47
-0.26	50.51	20.45	46.29
-0.2	48.41	22.14	44.71
-0.13	44.2	23.87	41.34
-0.07	39.99	26.04	38.03
0.0	39.99	12.36	36.11
0.07	35.78	12.72	32.54
0.13	25.26	13.41	23.59
0.2	35.78	14.16	32.74
0.26	42.09	15.0	38.28
0.33	35.78	15.94	32.99
0.39	25.26	16.91	24.08
0.46	27.36	18.02	26.05
0.52	25.26	19.3	24.42
0.59	61.04	20.79	55.38
0.65	46.3	22.35	42.94
0.72	50.51	24.12	46.8
0.79	65.24	26.41	59.79
0.85	48.41	28.73	45.64
0.92	67.35	31.56	62.32
0.98	54.72	34.87	51.93
1.05	61.04	39.4	57.99
1.11	73.66	44.74	69.6
1.18	73.66	51.8	70.59
1.24	80	59.35	77.1
1.31	80	76.89	79.56
1.37	80	73.67	79.11
1.44	80	23.56	72.07
1.51	80	25.75	72.38
1.57	80	28.26	72.73
1.64	80	31.1	73.13
1.7	80	34.45	73.6
1.77	80	38.06	74.11
1.83	80	43.7	74.9
1.9	80	49.73	75.75
1.96	80	58.08	76.92
2.03	80	69.16	78.48
2.09	75.77	79.82	76.34
2.16	44.2	80	49.23
2.23	44.2	80	49.23
2.29	42.09	80	47.42
2.36	46.3	80	51.04
2.42	44.2	80	49.23
2.49	42.09	80	47.42
2.55	42.09	80	47.42
2.62	42.09	80	47.42
2.68	44.2	80	49.23
2.75	42.09	59.19	44.5
2.81	42.09	43.06	42.23
2.88	44.2	43.24	44.06
2.95	44.2	49.73	44.98
3.01	44.2	56.42	45.92
3.08	42.09	65.33	45.36
3.14	46.3	43.79	45.95
3.21	48.41	32.45	46.16
3.27	33.67	34.45	33.78
3.34	21.05	38.57	23.51
3.4	23.15	43.24	25.98
3.47	23.15	44.17	26.11
3.53	21.05	47.71	24.79
3.6	23.15	51.8	27.18
3.67	23.15	35.94	24.95
3.6	23.15	32.4	24.45
3.53	23.15	33.8	24.65
3.47	23.15	37.85	25.22
3.4	23.15	34.09	24.69
3.34	23.15	32.51	24.47
3.27	23.15	36.21	24.99
3.21	23.15	40.99	25.66
3.14	23.15	44.83	26.2
3.08	23.15	42.26	25.84
3.01	23.15	45.23	26.25
2.95	21.05	51.05	25.26
2.88	37.88	34.51	37.41
2.81	56.83	31.61	53.28
2.75	48.41	34.99	46.52
2.68	42.09	39.4	41.71
2.62	44.2	44.07	44.18
2.55	44.2	50.69	45.11
2.49	42.09	54.71	43.87
2.42	65.24	61.86	64.77
2.36	58.93	65.91	59.91
2.29	44.2	70.68	47.92
2.23	46.3	60.5	48.3
2.16	44.2	72.72	48.21
2.09	42.09	80	47.42
2.03	42.09	79.82	47.4
1.96	44.2	80	49.23
1.9	44.2	80	49.23
1.83	44.2	43.33	44.08
1.77	46.3	50.32	46.87
1.7	80	32.35	73.3
1.64	65.24	35.94	61.13
1.57	67.35	41.07	63.66
1.51	69.45	46.85	66.28
1.44	67.35	54.02	65.48
1.37	65.24	63.28	64.97
1.31	67.35	76.12	68.58
1.24	65.24	80	67.32
1.18	67.35	80	69.13
1.11	63.14	80	65.51
1.05	67.35	80	69.13
0.98	69.45	80	70.94
0.92	69.45	80	70.94
0.85	63.14	80	65.51
0.79	67.35	80	69.13
0.72	65.24	80	67.32
0.65	67.35	80	69.13
0.59	65.24	80	67.32
0.52	67.35	53.75	65.44
0.46	69.45	63.1	68.56
0.39	67.35	52.82	65.31
0.33	65.24	62.56	64.87
0.26	67.35	62.21	66.63
0.2	63.14	74.88	64.79
0.13	67.35	34.09	62.67
0.07	63.14	38.5	59.68
0.0	80	43.88	74.92
-0.07	48.41	50.32	48.68
-0.13	44.2	58.71	46.24
-0.2	42.09	70.24	46.05
-0.26	39.99	80	45.61
-0.33	37.88	80	43.8
-0.39	37.88	80	43.8
-0.46	39.99	80	45.61
-0.52	44.2	47.28	44.63
-0.46	48.41	49.73	48.59
-0.39	52.62	18.3	47.79
-0.33	48.41	19.84	44.39
-0.26	50.51	21.28	46.4
-0.2	44.2	23.15	41.24
-0.13	39.99	25.16	37.9
-0.07	37.88	27.37	36.41
0.0	37.88	30.13	36.79
0.07	37.88	33.56	37.28
0.13	39.99	32.67	38.96
0.2	39.99	35.88	39.41
0.26	42.09	40.34	41.85
0.33	48.41	46.03	48.07
0.39	80	52.69	76.16
0.46	63.14	62.92	63.11
0.52	80	74.15	79.18
0.59	80	72.96	79.01
0.65	80	26.98	72.55
0.72	80	29.76	72.94
0.79	80	33.06	73.4
0.85	80	36.4	73.87
0.92	80	41.07	74.53
0.98	80	47.28	75.4
1.05	80	50.21	75.81
1.11	56.83	54.99	56.57
1.18	58.93	57.93	58.79
1.24	54.72	57.77	55.15
1.31	58.93	60.33	59.13
1.37	58.93	65.33	59.83
1.44	58.93	69.81	60.46
1.51	58.93	69.38	60.4
1.57	58.93	70.02	60.49
1.64	61.04	75.37	63.05
1.7	58.93	78.46	61.68
1.77	58.93	80	61.89
1.83	58.93	80	61.89
1.9	58.93	80	61.89
1.96	61.04	77.93	63.41
2.03	63.14	55.13	62.01
2.09	54.72	65.71	56.27
2.16	46.3	80	51.04
2.23	44.2	80	49.23
2.29	42.09	80	47.42
2.36	42.09	80	47.42
2.42	44.2	80	49.23
2.49	44.2	80	49.23
2.55	42.09	80	47.42
2.62	42.09	80	47.42
2.68	44.2	80	49.23
2.75	44.2	67.09	47.42
2.81	42.09	46.75	42.75
2.88	42.09	45.03	42.51
2.95	44.2	52.43	45.36
3.01	42.09	39.71	41.76
3.08	44.2	45.62	44.4
3.14	46.3	45.82	46.24
3.21	46.3	38.43	45.2
3.27	35.78	36.4	35.87
3.34	23.15	40.58	25.6
3.4	21.05	46.03	24.56
3.47	23.15	47.06	26.51
3.53	23.15	46.64	26.45
3.6	23.15	46.64	26.45
3.67	21.05	46.75	24.66
3.6	21.05	33.56	22.81
3.53	23.15	32.78	24.5
3.47	21.05	36.34	23.2
3.4	23.15	34.93	24.81
3.34	23.15	34.39	24.73
3.27	23.15	38.28	25.28
3.21	23.15	41.92	25.79
3.14	23.15	43.98	26.08
3.08	21.05	42.79	24.1
3.01	21.05	49.73	25.08
2.95	33.67	55.55	36.75
2.88	35.78	54.43	38.4
2.81	44.2	65.71	47.22
2.75	44.2	77.41	48.87
2.68	44.2	45.92	44.44
2.62	44.2	37.57	43.27
2.55	44.2	29.71	42.16
2.49	42.09	34.21	40.98
2.42	42.09	36.07	41.25
2.36	42.09	41.16	41.96
2.29	42.09	48.81	43.04
2.23	44.2	54.43	45.64
2.16	42.09	61.34	44.8
2.09	42.09	78.73	47.24
2.03	44.2	80	49.23
1.96	44.2	80	49.23
1.9	44.2	80	49.23
1.83	44.2	80	49.23
1.77	48.41	80	52.85
1.7	48.41	80	52.85
1.64	54.72	80	58.27
1.57	65.24	80	67.32
1.51	65.24	80	67.32
1.44	63.14	80	65.51
1.37	65.24	80	67.32
1.31	63.14	77.41	65.15
1.24	63.14	78.2	65.26
1.18	63.14	73.67	64.62
1.11	63.14	70.24	64.14
1.05	63.14	68.53	63.9
0.98	63.14	65.13	63.42
0.92	63.14	68.11	63.84
0.85	63.14	64.94	63.39
0.79	63.14	64.19	63.29
0.72	63.14	66.89	63.67
0.65	61.04	63.82	61.43
0.59	61.04	59.35	60.8
0.52	61.04	62.21	61.2
0.46	63.14	65.13	63.42
0.39	63.14	67.3	63.72
0.33	65.24	63.64	65.02
0.26	63.14	64.94	63.39
0.2	61.04	67.7	61.97
0.13	61.04	64.75	61.56
0.07	61.04	59.51	60.82
0.0	61.04	64.19	61.48
-0.07	61.04	65.13	61.61
-0.13	61.04	67.7	61.97
-0.2	61.04	64.57	61.53
-0.26	61.04	34.63	57.32
-0.33	61.04	30.09	56.68
-0.39	61.04	32.56	57.03
-0.46	61.04	20.11	55.28
-0.52	54.72	12.75	48.82
-0.46	46.3	11.97	41.48
-0.39	46.3	12.72	41.58
-0.33	46.3	13.28	41.66
-0.26	46.3	14.14	41.78
-0.2	48.41	14.71	43.67
-0.13	54.72	15.88	49.26
-0.07	61.04	17.22	54.88
0.0	61.04	18.11	55.0
0.07	61.04	18.87	55.11
0.13	61.04	20.69	55.36
0.2	61.04	22.03	55.55
0.26	61.04	24.05	55.84
0.33	63.14	25.58	57.86
0.39	63.14	28.73	58.3
0.46	61.04	32.67	57.05
0.52	61.04	35.24	57.41
0.59	61.04	37.85	57.78
0.65	63.14	45.23	60.62
0.72	63.14	50.21	61.32
0.79	61.04	59.19	60.78
0.85	63.14	62.74	63.08
0.92	61.04	63.82	61.43
0.98	63.14	69.38	64.02
1.05	61.04	66.3	61.77
1.11	61.04	61.68	61.13
1.18	63.14	65.52	63.47
1.24	61.04	65.52	61.67
1.31	63.14	68.11	63.84
1.37	63.14	64.57	63.34
1.44	63.14	65.52	63.47
1.51	61.04	67.5	61.94
1.57	63.14	64.19	63.29
1.64	61.04	62.56	61.25
1.7	63.14	67.5	63.75
1.77	63.14	65.91	63.53
1.83	63.14	67.09	63.7
1.9	61.04	64.01	61.45
1.96	61.04	64.75	61.56
2.03	61.04	67.91	62.0
2.09	61.04	65.33	61.64
2.16	63.14	61.34	62.89
2.23	61.04	66.1	61.75
2.29	63.14	65.52	63.47
2.36	80	64.75	77.86
2.42	80	61.34	77.38
2.49	80	70.9	78.72
2.55	80	80	80.0
2.62	80	80	80.0
2.68	80	80	80.0
2.75	80	80	80.0
2.81	80	60.5	77.26
2.88	77.87	61.86	75.62
2.95	80	67.3	78.21
3.01	80	41.92	74.65
3.08	80	50.21	75.81
3.14	80	56.13	76.64
3.21	80	64.01	77.75
3.27	80	80	80.0
3.34	80	80	80.0
3.4	80	80	80.0
3.47	80	80	80.0
3.53	80	53.75	76.31
3.6	77.87	67.5	76.41
3.67	67.35	77.93	68.84
3.6	80	80	80.0
3.53	12.63	14.44	12.88
3.47	42.09	7.94	37.29
3.4	37.88	7.79	33.65
3.34	10.52	7.79	10.14
3.27	10.52	7.7	10.13
3.21	33.67	7.65	30.02
3.14	54.72	7.86	48.13
3.08	54.72	8.11	48.17
3.01	61.04	8.43	53.64
2.95	56.83	8.69	50.06
2.88	50.51	9.05	44.68
2.81	50.51	9.41	44.73
2.75	52.62	9.8	46.6
2.68	50.51	10.22	44.85
2.62	52.62	10.68	46.72
2.55	48.41	11.2	43.18
2.49	48.41	11.73	43.25
2.42	50.51	12.27	45.14
2.36	48.41	12.92	43.42
2.29	52.62	13.6	47.13
2.23	50.51	14.3	45.42
2.16	48.41	15.15	43.73
2.09	48.41	11.8	43.26
2.03	44.2	11.13	39.55
1.96	42.09	11.64	37.81
1.9	39.99	12.27	36.09
1.83	37.88	12.86	34.37
1.77	37.88	13.6	34.47
1.7	27.36	13.3	25.38
1.64	39.99	12.53	36.13
1.57	39.99	13.15	36.22
1.51	44.2	13.82	39.93
1.44	46.3	14.63	41.85
1.37	46.3	15.53	41.98
1.31	37.88	16.46	34.87
1.24	37.88	17.56	35.03
1.18	33.67	18.65	31.56
1.11	39.99	20.06	37.19
1.05	48.41	19.56	44.35
0.98	52.62	16.26	47.51
0.92	54.72	8.85	48.27
0.85	56.83	7.83	49.94
0.79	8.42	7.9	8.35
0.72	6.31	8.22	6.58
0.65	33.67	8.51	30.14
0.59	35.78	8.67	31.97
0.52	61.04	8.81	53.69
0.46	61.04	9.07	53.73
0.39	42.09	9.21	37.47
0.33	23.15	9.59	21.24
0.26	37.88	10.01	33.97
0.2	54.72	10.46	48.5
-0.46	25.26	22.89	24.92
-0.39	25.26	25.86	25.34
-0.33	29.47	25.54	28.91
-0.26	23.15	26.56	23.63
-0.2	25.26	27.97	25.64
-0.13	27.36	28.69	27.55
-0.07	27.36	30.9	27.86
0.0	27.36	31.66	27.97
0.07	27.36	34.69	28.39
0.13	25.26	36.6	26.85
0.2	27.36	40.91	29.27
0.26	27.36	46.75	30.09
0.33	29.47	53.75	32.88
0.39	42.09	62.92	45.02
0.46	44.2	76.63	48.76
0.52	67.35	80	69.13
0.59	63.14	80	65.51
0.65	67.35	80	69.13
0.72	73.66	80	74.55
0.79	80	80	80.0
0.85	80	80	80.0
0.92	80	38.14	74.12
0.98	80	32.72	73.35
1.05	80	27.81	72.66
1.11	80	23.84	72.11
1.18	80	25.9	72.4
1.24	80	28.26	72.73
1.31	80	31.35	73.16
1.37	80	34.99	73.67
1.44	48.41	39.02	47.09
1.51	46.3	44.36	46.03
1.57	46.3	50.69	46.92
1.64	44.2	59.51	46.35
1.7	46.3	70.24	49.67
1.77	42.09	79.0	47.28
1.83	44.2	80	49.23
1.9	46.3	80	51.04
1.96	46.3	80	51.04
2.03	46.3	80	51.04
2.09	44.2	80	49.23
2.16	42.09	80	47.42
2.23	42.09	37.01	41.38
2.29	42.09	33.97	40.95
2.36	42.09	38.28	41.56
2.42	44.2	43.06	44.04
2.49	48.41	47.28	48.25
2.55	44.2	55.13	45.73
2.62	44.2	44.26	44.21
2.68	42.09	47.28	42.82
2.75	21.05	50.44	25.18
2.81	21.05	51.67	25.35
2.88	21.05	53.35	25.59
2.95	21.05	57.02	26.1
3.01	23.15	44.93	26.21
3.08	21.05	44.83	24.39
3.14	23.15	44.83	26.2
3.21	23.15	47.6	26.59
3.27	33.67	47.49	35.62
3.34	35.78	54.16	38.36
3.4	48.41	40.26	47.26
3.47	48.41	37.71	46.9
3.53	21.05	41.83	23.97
3.6	23.15	47.92	26.63
3.67	52.62	31.35	49.63
3.6	52.62	30.51	49.51
3.53	46.3	10.08	41.21
3.47	46.3	9.66	41.15
3.4	52.62	10.06	46.64
3.34	23.15	10.57	21.38
3.27	23.15	11.07	21.45
3.21	48.41	11.61	43.23
3.14	48.41	12.18	43.32
3.08	46.3	12.78	41.59
3.01	33.67	13.45	30.83
2.95	33.67	14.19	30.94
2.88	23.15	15.05	22.01
2.81	23.15	15.96	22.14
2.75	21.05	16.93	20.47
2.68	23.15	18.11	22.44
2.62	21.05	19.28	20.8
2.55	23.15	20.62	22.8
2.49	21.05	22.27	21.22
2.42	21.05	24.21	21.49
2.36	44.2	26.22	41.67
2.29	42.09	28.78	40.22
2.23	48.41	31.61	46.05
2.16	48.41	34.93	46.51
2.09	42.09	39.63	41.75
2.03	42.09	44.55	42.44
1.96	44.2	40.18	43.63
1.9	44.2	28.31	41.96
1.83	44.2	30.42	42.26
1.77	44.2	34.03	42.77
1.7	44.2	37.36	43.24
1.64	46.3	42.88	45.82
1.57	44.2	48.03	44.74
1.51	44.2	55.7	45.81
1.44	42.09	66.69	45.55
1.37	44.2	80	49.23
1.31	46.3	69.59	49.58
1.24	44.2	80	49.23
1.18	48.41	32.24	46.13
1.11	63.14	36.6	59.41
1.05	67.35	41.16	63.67
0.98	71.56	46.54	68.04
0.92	67.35	53.88	65.46
0.85	63.14	64.01	63.26
0.79	67.35	76.63	68.65
0.72	65.24	80	67.32
0.65	67.35	80	69.13
0.59	65.24	80	67.32
0.52	67.35	80	69.13
0.46	71.56	80	72.75
0.39	67.35	80	69.13
0.33	63.14	80	65.51
0.26	67.35	80	69.13
0.2	63.14	80	65.51
0.13	42.09	80	47.42
0.07	25.26	80	32.95
0.0	27.36	61.86	32.21
-0.07	25.26	34.21	26.51
-0.13	25.26	30.27	25.96
-0.2	27.36	29.3	27.63
-0.26	25.26	28.26	25.68
-0.33	42.09	28.01	40.11
-0.39	25.26	24.83	25.2
-0.46	27.36	27.01	27.31
-0.52	35.78	21.51	33.77
-0.46	27.36	12.04	25.21
-0.39	44.2	12.4	39.73
-0.33	35.78	12.8	32.55
-0.26	39.99	13.26	36.23
-0.2	50.51	14.03	45.38
-0.13	80	14.84	70.84
-0.07	48.41	15.84	43.83
0.0	77.87	16.75	69.28
0.07	27.36	17.94	26.04
0.13	27.36	19.09	26.2
0.2	27.36	20.38	26.38
0.26	27.36	22.05	26.61
0.33	27.36	23.9	26.87
0.39	27.36	25.9	27.15
0.46	31.57	28.47	31.13
0.52	35.78	31.15	35.13
0.59	80	34.69	73.63
0.65	80	38.57	74.18
0.72	71.56	44.17	67.71
0.79	67.35	50.32	64.96
0.85	63.14	58.39	62.47
0.92	80	31.46	73.18
0.98	80	33.97	73.53
1.05	80	37.92	74.09
1.11	63.14	43.15	60.33
1.18	80	48.81	75.62
1.24	71.56	56.87	69.49
1.31	69.45	67.91	69.24
1.37	63.14	80	65.51
1.44	48.41	71.35	51.63
1.51	48.41	64.57	50.68
1.57	44.2	75.37	48.58
1.64	44.2	80	49.23
1.7	44.2	80	49.23
1.77	44.2	71.8	48.08
1.83	44.2	80	49.23
1.9	44.2	80	49.23
1.96	44.2	80	49.23
2.03	46.3	80	51.04
2.09	48.41	80	52.85
2.16	48.41	68.95	51.29
2.23	44.2	37.64	43.28
2.29	42.09	27.21	40.0
2.36	42.09	28.18	40.14
2.42	42.09	31.41	40.59
2.49	52.62	34.69	50.1
2.55	48.41	39.1	47.1
2.62	42.09	39.25	41.69
2.68	44.2	38.72	43.43
2.75	23.15	42.35	25.85
2.81	23.15	48.03	26.65
2.88	23.15	48.36	26.7
2.95	23.15	49.85	26.9
3.01	23.15	47.17	26.53
3.08	21.05	45.13	24.43
3.14	21.05	36.6	23.23
3.21	23.15	37.43	25.16
3.27	23.15	41.24	25.69
3.34	23.15	46.64	26.45
3.4	35.78	40.34	36.42
3.47	35.78	34.57	35.61
3.53	52.62	35.82	50.25
3.6	52.62	40.5	50.91
3.67	23.15	26.82	23.67
3.6	23.15	29.3	24.02
3.53	46.3	10.32	41.24
3.47	52.62	9.27	46.52
3.4	21.05	9.67	19.45
3.34	21.05	10.12	19.51
3.27	52.62	10.54	46.7
3.21	46.3	11.09	41.35
3.14	35.78	11.6	32.38
3.08	35.78	12.09	32.45
3.01	23.15	12.74	21.69
2.95	21.05	13.52	19.99
2.88	23.15	14.19	21.89
2.81	21.05	15.05	20.2
2.75	23.15	15.93	22.14
2.68	21.05	17.0	20.48
2.62	23.15	17.96	22.42
2.55	23.15	19.18	22.59
2.49	21.05	20.64	20.99
2.42	23.15	22.33	23.04
2.36	46.3	24.09	43.18
2.29	50.51	26.26	47.1
2.23	44.2	28.56	42.0
2.16	42.09	31.51	40.61
2.09	42.09	35.06	41.1
2.03	44.2	38.72	43.43
1.96	44.2	38.95	43.46
1.9	44.2	34.39	42.82
1.83	48.41	38.28	46.98
1.77	46.3	43.7	45.94
1.7	46.3	49.73	46.78
1.64	44.2	58.39	46.19
1.57	44.2	68.32	47.59
1.51	44.2	79.27	49.13
1.44	44.2	80	49.23
1.37	44.2	80	49.23
1.31	46.3	47.92	46.53
1.24	46.3	55.98	47.66
1.18	67.35	31.92	62.37
1.11	80	35.5	73.74
1.05	80	39.71	74.34
0.98	71.56	45.42	67.88
0.92	67.35	52.3	65.23
0.85	63.14	60.5	62.77
0.79	69.45	42.61	65.68
0.72	65.24	49.5	63.03
0.65	67.35	57.47	65.96
0.59	65.24	68.32	65.68
0.52	67.35	80	69.13
0.46	71.56	80	72.75
0.39	69.45	80	70.94
0.33	65.24	80	67.32
0.26	80	80	80.0
0.2	80	80	80.0
0.13	80	80	80.0
0.07	80	80	80.0
0.0	80	24.21	72.16
-0.07	71.56	26.71	65.25
-0.13	69.45	29.39	63.82
-0.2	63.14	32.89	58.89
-0.26	52.62	36.07	50.29
-0.33	50.51	40.75	49.14
-0.39	48.41	46.13	48.09
-0.46	50.51	53.48	50.93
-0.52	52.62	62.38	53.99
-0.46	52.62	74.39	55.68
-0.39	48.41	80	52.85
-0.33	50.51	80	54.66
-0.26	52.62	80	56.47
-0.2	50.51	80	54.66
-0.13	50.51	80	54.66
-0.07	50.51	80	54.66
0.0	50.51	80	54.66
0.07	50.51	80	54.66
0.13	69.45	80	70.94
0.2	73.66	80	74.55
0.26	67.35	80	69.13
0.33	65.24	80	67.32
0.39	67.35	80	69.13
0.46	63.14	80	65.51
0.52	67.35	80	69.13
0.59	65.24	80	67.32
0.65	69.45	80	70.94
0.72	73.66	80	74.55
0.79	67.35	80	69.13
0.85	63.14	80	65.51
0.92	67.35	80	69.13
0.98	65.24	80	67.32
1.05	69.45	80	70.94
1.11	65.24	80	67.32
1.18	67.35	80	69.13
1.24	71.56	80	72.75
1.31	69.45	80	70.94
1.37	63.14	80	65.51
1.44	69.45	80	70.94
1.51	65.24	80	67.32
1.57	46.3	80	51.04
1.64	44.2	80	49.23
1.7	44.2	80	49.23
1.77	44.2	80	49.23
1.83	44.2	62.03	46.7
1.9	44.2	75.37	48.58
1.96	42.09	67.5	45.66
2.03	42.09	80	47.42
2.09	44.2	80	49.23
2.16	44.2	71.13	47.98
2.23	50.51	38.8	48.87
2.29	50.51	29.22	47.52
2.36	42.09	30.27	40.43
2.42	42.09	33.8	40.93
2.49	42.09	37.64	41.47
2.55	44.2	42.7	43.99
2.62	46.3	36.87	44.98
2.68	46.3	34.39	44.63
2.75	21.05	35.56	23.09
2.81	21.05	39.71	23.67
2.88	23.15	43.98	26.08
2.95	21.05	45.32	24.46
3.01	21.05	48.14	24.86
3.08	23.15	49.5	26.85
3.14	21.05	38.72	23.53
3.21	23.15	33.06	24.54
3.27	21.05	35.56	23.09
3.34	23.15	39.63	25.47
3.4	33.67	40.1	34.58
3.47	35.78	42.0	36.65
3.53	46.3	42.7	45.8
3.6	50.51	48.03	50.16
3.67	50.51	27.25	47.24
3.6	50.51	30.13	47.65
3.53	52.62	10.0	46.63
3.47	35.78	9.23	32.05
3.4	50.51	9.62	44.76
3.34	52.62	10.1	46.64
3.27	48.41	10.54	43.08
3.21	35.78	11.07	32.31
3.14	33.67	11.51	30.56
3.08	21.05	12.09	19.79
3.01	23.15	12.7	21.68
2.95	21.05	13.43	19.98
2.88	23.15	14.1	21.88
2.81	21.05	15.01	20.2
2.75	21.05	15.85	20.32
2.68	21.05	16.85	20.46
2.62	21.05	17.96	20.61
2.55	21.05	19.11	20.77
2.49	21.05	20.55	20.98
2.42	44.2	22.19	41.1
2.36	46.3	23.96	43.16
2.29	48.41	26.15	45.28
2.23	42.09	28.47	40.18
2.16	42.09	31.46	40.6
2.09	42.09	34.69	41.05
2.03	42.09	38.8	41.63
1.96	42.09	38.72	41.62
1.9	44.2	43.15	44.05
1.83	46.3	48.81	46.66
1.77	46.3	57.47	47.87
1.7	44.2	47.06	44.6
1.64	44.2	55.13	45.73
1.57	42.09	64.38	45.23
1.51	44.2	75.62	48.61
1.44	44.2	80	49.23
1.37	44.2	80	49.23
1.31	46.3	80	51.04
1.24	48.41	80	52.85
1.18	80	75.87	79.42
1.11	80	80	80.0
1.05	80	80	80.0
0.98	79.98	80	79.98
0.92	69.45	66.69	69.07
0.85	63.14	62.56	63.06
0.79	80	36.94	73.95
0.72	56.83	42.0	54.74
0.65	63.14	20.81	57.19
0.59	67.35	17.34	60.32
0.52	73.66	18.45	65.9
0.46	80	19.86	71.55
0.39	69.45	21.58	62.72
0.33	80	23.41	72.05
0.26	69.45	25.4	63.26
0.2	65.24	27.61	59.95
0.13	67.35	30.51	62.17
0.07	65.24	33.51	60.78
0.0	69.45	37.57	64.97
-0.07	71.56	42.0	67.4
-0.13	67.35	47.92	64.62
-0.2	65.24	55.98	63.94
-0.26	54.72	64.94	56.16
-0.33	54.72	79.55	58.21
-0.39	50.51	63.46	52.33
-0.46	50.51	77.41	54.29
-0.52	50.51	80	54.66
-0.46	52.62	80	56.47
-0.39	50.51	80	54.66
-0.33	50.51	42.53	49.39
-0.26	52.62	39.02	50.71
-0.2	50.51	44.64	49.69
-0.13	52.62	51.05	52.4
-0.07	52.62	61.0	53.79
0.0	54.72	67.91	56.57
0.07	65.24	80	67.32
0.13	69.45	80	70.94
0.2	73.66	80	74.55
0.26	67.35	80	69.13
0.33	65.24	80	67.32
0.39	69.45	80	70.94
0.46	63.14	80	65.51
0.52	67.35	80	69.13
0.59	63.14	80	65.51
0.65	69.45	80	70.94
0.72	73.66	80	74.55
0.79	67.35	80	69.13
0.85	65.24	80	67.32
0.92	67.35	80	69.13
0.98	65.24	80	67.32
1.05	69.45	80	70.94
1.11	65.24	80	67.32
1.18	67.35	80	69.13
1.24	71.56	80	72.75
1.31	69.45	34.99	64.61
1.37	65.24	37.15	61.3
1.44	69.45	41.32	65.5
1.51	63.14	48.03	61.02
1.57	46.3	54.57	47.46
1.64	48.41	65.71	50.84
1.7	44.2	77.93	48.94
1.77	42.09	77.93	47.13
1.83	44.2	76.89	48.79
1.9	44.2	80	49.23
1.96	44.2	80	49.23
2.03	44.2	80	49.23
2.09	80	80	80.0
2.16	48.41	80	52.85
2.23	42.09	47.06	42.79
2.29	44.2	45.03	44.31
2.36	44.2	42.44	43.95
2.42	42.09	49.73	43.17
2.49	42.09	52.43	43.55
2.55	44.2	56.13	45.88
2.62	52.62	44.45	51.47
2.68	46.3	33.06	44.44
2.75	35.78	34.27	35.57
2.81	23.15	38.21	25.27
2.88	23.15	42.97	25.94
2.95	21.05	42.7	24.09
3.01	21.05	45.62	24.5
3.08	23.15	52.56	27.29
3.14	18.94	36.47	21.41
3.21	18.94	31.15	20.66
3.27	23.15	31.2	24.28
3.34	23.15	34.51	24.75
3.4	21.05	38.8	23.54
3.47	23.15	43.61	26.03
3.53	39.99	43.98	40.55
3.6	46.3	46.85	46.38
3.67	58.93	32.67	55.24
3.6	65.24	32.51	60.64
3.53	65.24	10.77	57.59
3.47	23.15	9.64	21.25
3.4	63.14	10.07	55.68
3.34	52.62	10.51	46.7
3.27	42.09	11.03	37.73
3.21	35.78	11.52	32.37
3.14	23.15	12.09	21.6
3.08	23.15	12.74	21.69
3.01	23.15	13.41	21.78
2.95	21.05	14.18	20.08
2.88	18.94	14.97	18.38
2.81	18.94	15.82	18.5
2.75	23.15	16.78	22.26
2.68	21.05	17.98	20.62
2.62	23.15	19.18	22.59
2.55	23.15	20.5	22.78
2.49	33.67	22.16	32.06
2.42	44.2	24.02	41.36
2.36	50.51	26.04	47.07
2.29	58.93	28.69	54.68
2.23	44.2	31.35	42.39
2.16	44.2	34.69	42.86
2.09	44.2	35.88	43.03
2.03	44.2	40.18	43.63
1.96	42.09	42.44	42.14
1.9	42.09	49.38	43.12
1.83	46.3	55.84	47.64
1.77	46.3	65.71	49.03
1.7	44.2	66.1	47.28
1.64	44.2	80	49.23
1.57	44.2	80	49.23
1.51	42.09	77.93	47.13
1.44	44.2	80	49.23
1.37	44.2	80	49.23
1.31	46.3	71.35	49.82
1.24	48.41	62.56	50.4
1.18	69.45	72.26	69.85
1.11	65.24	80	67.32
1.05	69.45	80	70.94
0.98	73.66	80	74.55
0.92	71.56	80	72.75
0.85	65.24	80	67.32
0.79	71.56	80	72.75
0.72	63.14	80	65.51
0.65	80	71.13	78.75
0.59	80	80	80.0
0.52	80	80	80.0
0.46	80	80	80.0
0.39	80	21.1	71.72
0.33	80	22.38	71.9
0.26	80	24.37	72.18
0.2	80	26.48	72.48
0.13	80	29.08	72.84
0.07	80	32.08	73.26
0.0	80	35.69	73.77
-0.07	80	39.87	74.36
-0.13	80	26.71	72.51
-0.2	80	29.76	72.94
-0.26	52.62	32.51	49.79
-0.33	52.62	36.67	50.38
-0.39	50.51	34.27	48.23
-0.46	50.51	38.28	48.79
-0.52	50.51	43.33	49.5
-0.46	50.51	49.27	50.34
-0.39	50.51	57.77	51.53
-0.33	50.51	39.95	49.03
-0.26	50.51	45.52	49.81
-0.2	52.62	52.69	52.63
-0.13	50.51	61.34	52.03
-0.07	52.62	74.15	55.64
0.0	52.62	60.66	53.75
0.07	63.14	73.91	64.65
0.13	71.56	80	72.75
0.2	75.77	80	76.36
0.26	71.56	80	72.75
0.33	65.24	80	67.32
0.39	69.45	80	70.94
0.46	65.24	80	67.32
0.52	71.56	80	72.75
0.59	65.24	80	67.32
0.65	69.45	80	70.94
0.72	73.66	80	74.55
0.79	71.56	80	72.75
0.85	63.14	80	65.51
0.92	71.56	80	72.75
0.98	63.14	80	65.51
1.05	71.56	80	72.75
1.11	65.24	80	67.32
1.18	71.56	80	72.75
1.24	73.66	80	74.55
1.31	69.45	45.62	66.1
1.37	65.24	52.56	63.46
1.44	71.56	61.68	70.17
1.51	63.14	75.87	64.93
1.57	46.3	57.47	47.87
1.64	46.3	48.36	46.59
1.7	44.2	55.55	45.79
1.77	44.2	65.13	47.14
1.83	44.2	78.2	48.98
1.9	42.09	80	47.42
1.96	44.2	80	49.23
2.03	44.2	80	49.23
2.09	44.2	80	49.23
2.16	44.2	72.96	48.24
2.23	46.3	68.53	49.43
2.29	44.2	51.8	45.27
2.36	42.09	45.92	42.63
2.42	42.09	53.48	43.69
2.49	42.09	56.13	44.07
2.55	44.2	58.55	46.22
2.62	61.04	43.7	58.6
2.68	58.93	33.06	55.29
2.75	46.3	32.18	44.32
2.81	46.3	35.56	44.79
2.88	23.15	40.34	25.57
2.95	21.05	42.7	24.09
3.01	21.05	43.24	24.17
3.08	21.05	49.62	25.06
3.14	21.05	37.15	23.31
3.21	21.05	31.76	22.55
3.27	21.05	32.62	22.67
3.34	23.15	36.14	24.98
3.4	23.15	40.91	25.65
3.47	21.05	43.7	24.23
3.53	44.2	41.92	43.88
3.6	35.78	46.33	37.26
3.67	52.62	35.88	50.26
3.6	52.62	32.72	49.82
3.53	21.05	11.13	19.65
3.47	52.62	9.79	46.6
3.4	52.62	10.24	46.66
3.34	48.41	10.74	43.11
3.27	35.78	11.22	32.33
3.21	33.67	11.79	30.6
3.14	21.05	12.36	19.83
3.08	23.15	12.97	21.72
3.01	21.05	13.69	20.01
2.95	21.05	14.49	20.13
2.88	21.05	15.31	20.24
2.81	21.05	16.3	20.38
2.75	23.15	17.27	22.32
2.68	23.15	18.45	22.49
2.62	23.15	19.69	22.66
2.55	21.05	21.18	21.06
2.49	46.3	22.91	43.02
2.42	48.41	24.83	45.09
2.36	58.93	26.94	54.43
2.29	61.04	29.76	56.64
2.23	42.09	32.72	40.78
2.16	42.09	36.54	41.31
2.09	44.2	40.66	43.7
2.03	44.2	45.92	44.44
1.96	48.41	47.17	48.23
1.9	50.51	54.85	51.12
1.83	44.2	64.19	47.01
1.77	44.2	74.15	48.41
1.7	44.2	80	49.23
1.64	42.09	80	47.42
1.57	44.2	80	49.23
1.51	42.09	75.37	46.77
1.44	42.09	65.33	45.36
1.37	44.2	80	49.23
1.31	46.3	40.83	45.53
1.24	48.41	47.06	48.22
1.18	69.45	52.18	67.03
1.11	65.24	61.51	64.72
1.05	71.56	73.67	71.85
0.98	73.66	80	74.55
0.92	69.45	80	70.94
0.85	65.24	80	67.32
0.79	71.56	37.57	66.78
0.72	65.24	41.24	61.87
0.65	69.45	34.45	64.53
0.59	65.24	38.65	61.51
0.52	71.56	43.42	67.6
0.46	75.77	49.73	72.11
0.39	71.56	41.75	67.37
0.33	65.24	36.07	61.14
0.26	69.45	40.42	65.37
0.2	65.24	46.33	62.59
0.13	69.45	53.08	67.15
0.07	63.14	62.92	63.11
0.0	71.56	74.39	71.96
-0.07	80	68.95	78.45
-0.13	80	80	80.0
-0.2	80	80	80.0
-0.26	52.62	75.62	55.85
-0.33	50.51	80	54.66
-0.39	52.62	40.91	50.97
-0.46	52.62	46.96	51.82
-0.52	52.62	53.48	52.74
-0.46	50.51	44.26	49.63
-0.39	48.41	48.03	48.35
-0.33	50.51	52.56	50.8
-0.26	52.62	39.33	50.75
-0.2	52.62	44.93	51.54
-0.13	50.51	51.42	50.64
-0.07	50.51	60.83	51.96
0.0	52.62	72.03	55.35
0.07	80	80	80.0
0.13	80	80	80.0
0.2	80	80	80.0
0.26	80	80	80.0
0.33	80	80	80.0
0.39	80	80	80.0
0.46	80	80	80.0
0.52	80	80	80.0
0.59	80	80	80.0
0.65	80	80	80.0
0.72	80	80	80.0
0.79	80	80	80.0
0.85	80	80	80.0
0.92	80	80	80.0
0.98	80	80	80.0
1.05	80	80	80.0
1.11	80	80	80.0
1.18	80	80	80.0
1.24	75.77	80	76.36
1.31	71.56	80	72.75
1.37	65.24	80	67.32
1.44	69.45	80	70.94
1.51	65.24	80	67.32
1.57	46.3	80	51.04
1.64	46.3	80	51.04
1.7	44.2	80	49.23
1.77	44.2	76.12	48.69
1.83	44.2	73.67	48.34
1.9	42.09	80	47.42
1.96	42.09	80	47.42
2.03	42.09	80	47.42
2.09	46.3	80	51.04
2.16	46.3	76.12	50.49
2.23	48.41	60.33	50.08
2.29	44.2	54.16	45.6
2.36	44.2	41.24	43.78
2.42	42.09	47.17	42.81
2.49	44.2	52.69	45.39
2.55	44.2	50.09	45.03
2.62	54.72	39.33	52.56
2.68	50.51	31.82	47.88
2.75	46.3	33.39	44.49
2.81	44.2	36.87	43.17
2.88	23.15	42.35	25.85
2.95	23.15	43.42	26.0
3.01	23.15	44.55	26.16
3.08	23.15	51.42	27.12
3.14	21.05	40.5	23.78
3.21	21.05	38.65	23.52
3.27	21.05	38.57	23.51
3.34	23.15	43.33	25.99
3.4	23.15	47.81	26.62
3.47	23.15	42.53	25.87
3.53	35.78	39.63	36.32
3.6	48.41	44.26	47.82
3.67	52.62	29.67	49.39
3.6	52.62	31.87	49.7
3.53	23.15	10.97	21.44
3.47	52.62	10.19	46.65
3.4	58.93	10.66	52.15
3.34	50.51	11.2	44.99
3.27	33.67	11.72	30.59
3.21	21.05	12.32	19.82
3.14	23.15	12.97	21.72
3.08	21.05	13.68	20.01
3.01	23.15	14.4	21.92
2.95	21.05	15.37	20.25
2.88	21.05	16.23	20.37
2.81	21.05	17.22	20.51
2.75	21.05	18.36	20.67
2.68	21.05	19.73	20.86
2.62	21.05	21.13	21.06
2.55	21.05	22.74	21.29
2.49	48.41	24.8	45.09
2.42	48.41	27.09	45.41
2.36	42.09	29.67	40.35
2.29	44.2	32.72	42.59
2.23	44.2	36.67	43.14
2.16	42.09	40.58	41.88
2.09	44.2	45.23	44.34
2.03	50.51	47.92	50.15
1.96	44.2	47.6	44.68
1.9	42.09	55.27	43.95
1.83	44.2	64.38	47.03
1.77	44.2	75.37	48.58
1.7	44.2	52.3	45.34
1.64	44.2	61.68	46.66
1.57	44.2	73.43	48.31
1.51	44.2	80	49.23
1.44	44.2	79.27	49.13
1.37	46.3	80	51.04
1.31	48.41	30.95	45.95
1.24	48.41	34.75	46.49
1.18	67.35	39.17	63.39
1.11	65.24	44.64	62.35
1.05	71.56	51.05	68.68
0.98	73.66	59.03	71.61
0.92	69.45	70.9	69.66
0.85	63.14	80	65.51
0.79	69.45	80	70.94
0.72	63.14	80	65.51
0.65	69.45	80	70.94
0.59	63.14	80	65.51
0.52	69.45	80	70.94
0.46	73.66	80	74.55
0.39	71.56	80	72.75
0.33	65.24	80	67.32
0.26	69.45	80	70.94
0.2	65.24	80	67.32
0.13	67.35	80	69.13
0.07	65.24	80	67.32
0.0	71.56	66.89	70.9
-0.07	73.66	76.12	74.01
-0.13	71.56	76.63	72.27
-0.2	65.24	80	67.32
-0.26	52.62	58.71	53.47
-0.33	50.51	69.38	53.16
-0.39	50.51	49.27	50.34
-0.46	52.62	58.39	53.43
-0.52	52.62	68.53	54.85
-0.46	52.62	67.3	54.68
-0.39	48.41	79.82	52.82
-0.33	50.51	80	54.66
-0.26	52.62	80	56.47
-0.2	50.51	80	54.66
-0.13	52.62	80	56.47
-0.07	52.62	80	56.47
0.0	52.62	80	56.47
0.07	54.72	80	58.27
0.13	71.56	80	72.75
0.2	73.66	80	74.55
0.26	69.45	80	70.94
0.33	65.24	80	67.32
0.39	69.45	80	70.94
0.46	63.14	80	65.51
0.52	69.45	80	70.94
0.59	65.24	80	67.32
0.65	69.45	80	70.94
0.72	73.66	80	74.55
0.79	69.45	80	70.94
0.85	65.24	80	67.32
0.92	69.45	80	70.94
0.98	63.14	80	65.51
1.05	69.45	80	70.94
1.11	63.14	80	65.51
1.18	69.45	80	70.94
1.24	73.66	80	74.55
1.31	69.45	80	70.94
1.37	63.14	80	65.51
1.44	69.45	80	70.94
1.51	65.24	80	67.32
1.57	48.41	80	52.85
1.64	46.3	80	51.04
1.7	42.09	80	47.42
1.77	44.2	80	49.23
1.83	44.2	80	49.23
1.9	44.2	80	49.23
1.96	44.2	80	49.23
2.03	42.09	80	47.42
2.09	46.3	80	51.04
2.16	46.3	76.63	50.57
2.23	44.2	60.83	46.54
2.29	44.2	62.03	46.7
2.36	44.2	60.5	46.49
2.42	44.2	65.71	47.22
2.49	44.2	55.7	45.81
2.55	42.09	51.42	43.4
2.62	54.72	39.25	52.55
2.68	48.41	36.87	46.79
2.75	46.3	35.5	44.78
2.81	44.2	39.63	43.56
2.88	23.15	45.32	26.27
2.95	23.15	44.07	26.09
3.01	23.15	44.93	26.21
3.08	21.05	52.05	25.4
3.14	21.05	42.61	24.08
3.21	18.94	41.41	22.1
3.27	21.05	40.02	23.71
3.34	21.05	44.93	24.4
3.4	23.15	47.81	26.62
3.47	21.05	43.06	24.14
3.53	33.67	41.58	34.79
3.6	35.78	44.93	37.07
3.67	52.62	27.93	49.15
3.6	52.62	30.37	49.49
3.53	23.15	10.89	21.43
3.47	52.62	10.61	46.71
3.4	50.51	11.11	44.97
3.34	52.62	11.62	46.85
3.27	35.78	12.23	32.47
3.21	21.05	12.89	19.9
3.14	23.15	13.54	21.8
3.08	23.15	14.24	21.9
3.01	21.05	15.11	20.21
2.95	18.94	16.15	18.55
2.88	21.05	17.11	20.49
2.81	23.15	18.28	22.47
2.75	23.15	19.47	22.63
2.68	23.15	21.0	22.85
2.62	23.15	22.52	23.06
2.55	21.05	24.12	21.48
2.49	48.41	26.56	45.34
2.42	46.3	29.35	43.92
2.36	58.93	32.03	55.15
2.29	46.3	35.88	44.84
2.23	42.09	39.95	41.79
2.16	44.2	44.74	44.27
2.09	44.2	40.91	43.74
2.03	44.2	44.83	44.29
1.96	44.2	47.92	44.72
1.9	65.24	56.13	63.96
1.83	46.3	65.13	48.95
1.77	44.2	79.27	49.13
1.7	42.09	49.04	43.07
1.64	42.09	57.47	44.25
1.57	44.2	67.91	47.53
1.51	44.2	72.49	48.17
1.44	44.2	80	49.23
1.37	44.2	80	49.23
1.31	46.3	51.3	47.0
1.24	48.41	60.83	50.15
1.18	67.35	45.23	64.24
1.11	63.14	52.56	61.65
1.05	69.45	62.03	68.41
0.98	71.56	72.96	71.76
0.92	69.45	80	70.94
0.85	63.14	80	65.51
0.79	69.45	80	70.94
0.72	65.24	80	67.32
0.65	69.45	80	70.94
0.59	65.24	80	67.32
0.52	67.35	80	69.13
0.46	73.66	80	74.55
0.39	69.45	79.27	70.83
0.33	65.24	80	67.32
0.26	69.45	59.03	67.99
0.2	65.24	66.89	65.48
0.13	69.45	41.58	65.54
0.07	65.24	46.13	62.56
0.0	69.45	53.08	67.15
-0.07	71.56	62.03	70.22
-0.13	69.45	54.02	67.28
-0.2	65.24	64.01	65.07
-0.26	50.51	75.87	54.08
-0.33	52.62	80	56.47
-0.39	52.62	77.67	56.14
-0.46	52.62	80	56.47
-0.52	50.51	80	54.66
-0.46	52.62	80	56.47
-0.39	50.51	80	54.66
-0.33	48.41	51.67	48.87
-0.26	52.62	55.7	53.05
-0.2	52.62	66.49	54.57
-0.13	52.62	80	56.47
-0.07	52.62	80	56.47
0.0	52.62	80	56.47
0.07	52.62	80	56.47
0.13	69.45	80	70.94
0.2	73.66	80	74.55
0.26	69.45	80	70.94
0.33	65.24	80	67.32
0.39	69.45	80	70.94
0.46	63.14	80	65.51
0.52	69.45	80	70.94
0.59	63.14	80	65.51
0.65	69.45	80	70.94
0.72	73.66	80	74.55
0.79	67.35	80	69.13
0.85	63.14	80	65.51
0.92	69.45	80	70.94
0.98	65.24	80	67.32
1.05	69.45	80	70.94
1.11	65.24	80	67.32
1.18	69.45	80	70.94
1.24	73.66	80	74.55
1.31	69.45	56.57	67.64
1.37	63.14	63.64	63.21
1.44	69.45	76.38	70.43
1.51	63.14	80	65.51
1.57	46.3	80	51.04
1.64	46.3	80	51.04
1.7	46.3	80	51.04
1.77	44.2	72.26	48.14
1.83	42.09	80	47.42
1.9	44.2	80	49.23
1.96	44.2	80	49.23
2.03	44.2	80	49.23
2.09	44.2	72.26	48.14
2.16	44.2	74.39	48.44
2.23	80	71.58	78.82
2.29	44.2	72.96	48.24
2.36	42.09	56.28	44.09
2.42	44.2	58.87	46.26
2.49	44.2	52.18	45.32
2.55	42.09	50.93	43.34
2.62	58.93	43.15	56.71
2.68	54.72	33.68	51.76
2.75	46.3	34.51	44.64
2.81	46.3	38.57	45.22
2.88	23.15	43.88	26.07
2.95	23.15	42.53	25.87
3.01	21.05	43.7	24.23
3.08	23.15	50.44	26.99
3.14	21.05	38.72	23.53
3.21	18.94	40.1	21.92
3.27	21.05	39.33	23.62
3.34	21.05	44.17	24.3
3.4	23.15	46.54	26.44
3.47	23.15	42.88	25.92
3.53	35.78	42.18	36.68
3.6	35.78	45.23	37.11
3.67	52.62	28.26	49.19
3.6	52.62	31.15	49.6
3.53	21.05	11.46	19.7
3.47	65.24	10.87	57.6
3.4	50.51	11.39	45.01
3.34	50.51	12.0	45.1
3.27	35.78	12.57	32.52
3.21	21.05	13.28	19.96
3.14	23.15	13.97	21.86
3.08	21.05	14.75	20.16
3.01	21.05	15.66	20.29
2.95	18.94	16.67	18.62
2.88	18.94	17.71	18.77
2.81	21.05	18.97	20.75
2.75	23.15	20.36	22.76
2.68	21.05	21.87	21.16
2.62	21.05	23.53	21.4
2.55	21.05	25.54	21.68
2.49	46.3	27.93	43.72
2.42	48.41	30.9	45.95
2.36	61.04	34.27	57.27
2.29	52.62	38.43	50.62
2.23	44.2	42.97	44.03
2.16	44.2	43.51	44.1
2.09	42.09	31.92	40.66
2.03	42.09	35.37	41.15
1.96	80	39.25	74.27
1.9	63.14	45.23	60.62
1.83	44.2	51.17	45.18
1.77	44.2	60.0	46.42
1.7	44.2	48.93	44.86
1.64	42.09	57.47	44.25
1.57	42.09	67.5	45.66
1.51	42.09	71.58	46.24
1.44	46.3	65.52	49.0
1.37	44.2	80	49.23
1.31	46.3	74.15	50.22
1.24	48.41	77.41	52.48
1.18	69.45	48.93	66.57
1.11	65.24	57.32	64.13
1.05	69.45	66.3	69.01
0.98	73.66	80	74.55
0.92	69.45	80	70.94
0.85	63.14	80	65.51
0.79	67.35	80	69.13
0.72	63.14	80	65.51
0.65	69.45	80	70.94
0.59	65.24	80	67.32
0.52	67.35	77.93	68.84
0.46	73.66	80	74.55
0.39	69.45	47.6	66.38
0.33	65.24	52.95	63.52
0.26	67.35	62.38	66.65
0.2	63.14	75.12	64.82
0.13	69.45	80	70.94
0.07	65.24	80	67.32
0.0	69.45	50.93	66.85
-0.07	73.66	59.03	71.61
-0.13	67.35	63.46	66.8
-0.2	65.24	77.15	66.92
-0.26	50.51	80	54.66
-0.33	50.51	80	54.66
-0.39	50.51	52.43	50.78
-0.46	52.62	62.38	53.99
-0.52	52.62	74.63	55.71
-0.46	52.62	80	56.47
-0.39	50.51	80	54.66
-0.33	50.51	48.48	50.23
-0.26	52.62	42.26	51.16
-0.2	52.62	49.04	52.11
-0.13	50.51	57.17	51.45
-0.07	50.51	70.02	53.25
0.0	50.51	80	54.66
0.07	80	80	80.0
0.13	69.45	80	70.94
0.2	73.66	80	74.55
0.26	69.45	80	70.94
0.33	63.14	80	65.51
0.39	69.45	80	70.94
0.46	65.24	80	67.32
0.52	69.45	80	70.94
0.59	63.14	80	65.51
0.65	69.45	80	70.94
0.72	73.66	80	74.55
0.79	69.45	80	70.94
0.85	65.24	80	67.32
0.92	67.35	80	69.13
0.98	63.14	80	65.51
1.05	69.45	80	70.94
1.11	65.24	80	67.32
1.18	67.35	80	69.13
1.24	73.66	80	74.55
1.31	69.45	41.49	65.52
1.37	65.24	45.23	62.43
1.44	67.35	51.8	65.16
1.51	63.14	61.34	62.89
1.57	46.3	59.03	48.09
1.64	46.3	56.28	47.7
1.7	46.3	65.33	48.98
1.77	42.09	79.82	47.4
1.83	44.2	80	49.23
1.9	44.2	80	49.23
1.96	44.2	80	49.23
2.03	44.2	80	49.23
2.09	44.2	80	49.23
2.16	46.3	80	51.04
2.23	48.41	56.28	49.51
2.29	44.2	63.28	46.88
2.36	44.2	45.72	44.41
2.42	44.2	51.42	45.21
2.49	44.2	50.93	45.14
2.55	42.09	51.05	43.35
2.62	56.83	50.44	55.93
2.68	58.93	35.75	55.67
2.75	48.41	32.72	46.2
2.81	46.3	36.47	44.92
2.88	23.15	41.24	25.69
2.95	21.05	42.79	24.1
3.01	23.15	44.17	26.11
3.08	23.15	51.42	27.12
3.14	21.05	37.78	23.4
3.21	18.94	40.18	21.93
3.27	21.05	40.5	23.78
3.34	23.15	45.62	26.31
3.4	21.05	45.82	24.53
3.47	23.15	43.51	26.01
3.53	27.36	39.79	29.11
3.6	33.67	43.79	35.1
3.67	52.62	32.72	49.82
3.6	52.62	32.62	49.81
3.53	23.15	11.84	21.56
3.47	52.62	10.89	46.75
3.4	52.62	11.4	46.82
3.34	52.62	12.01	46.91
3.27	35.78	12.6	32.52
3.21	21.05	13.28	19.96
3.14	21.05	14.02	20.06
3.08	23.15	14.85	21.98
3.01	23.15	15.68	22.1
2.95	23.15	16.8	22.26
2.88	23.15	17.74	22.39
2.81	21.05	19.05	20.77
2.75	23.15	20.43	22.77
2.68	23.15	22.0	22.99
2.62	23.15	23.84	23.25
2.55	23.15	25.58	23.49
2.49	46.3	28.14	43.75
2.42	46.3	31.1	44.17
2.36	50.51	34.33	48.24
2.29	42.09	38.28	41.56
2.23	44.2	42.97	44.03
2.16	42.09	47.6	42.87
2.09	44.2	39.25	43.5
2.03	42.09	43.88	42.34
1.96	46.3	41.07	45.57
1.9	46.3	48.03	46.55
1.83	44.2	54.71	45.68
1.77	44.2	65.13	47.14
1.7	44.2	73.43	48.31
1.64	44.2	80	49.23
1.57	42.09	80	47.42
1.51	42.09	78.46	47.21
1.44	44.2	80	49.23
1.37	44.2	80	49.23
1.31	46.3	80	51.04
1.24	48.41	80	52.85
1.18	80	80	80.0
1.11	80	80	80.0
1.05	80	57.02	76.77
0.98	80	63.28	77.65
0.92	80	26.9	72.54
0.85	80	19.82	71.54
0.79	80	19.75	71.53
0.72	80	21.15	71.73
0.65	80	22.86	71.97
0.59	80	25.03	72.27
0.52	80	27.13	72.57
0.46	80	29.62	72.92
0.39	69.45	33.06	64.34
0.33	65.24	37.15	61.3
0.26	69.45	41.24	65.49
0.2	65.24	47.6	62.76
0.13	67.35	55.27	65.65
0.07	63.14	65.13	63.42
0.0	69.45	78.2	70.68
-0.07	73.66	80	74.55
-0.13	69.45	80	70.94
-0.2	63.14	80	65.51
-0.26	50.51	80	54.66
-0.33	50.51	61.17	52.01
-0.39	52.62	36.07	50.29
-0.46	80	41.83	74.63
-0.52	50.51	46.64	49.97
-0.46	52.62	54.16	52.83
-0.39	48.41	62.92	50.45
-0.33	48.41	43.61	47.73
-0.26	50.51	38.35	48.8
-0.2	52.62	43.88	51.39
-0.13	52.62	50.09	52.26
-0.07	52.62	58.55	53.45
0.0	52.62	67.09	54.65
0.07	54.72	80	58.27
0.13	69.45	80	70.94
0.2	71.56	80	72.75
0.26	67.35	80	69.13
0.33	63.14	80	65.51
0.39	69.45	80	70.94
0.46	63.14	80	65.51
0.52	67.35	80	69.13
0.59	63.14	80	65.51
0.65	69.45	80	70.94
0.72	73.66	80	74.55
0.79	69.45	80	70.94
0.85	63.14	80	65.51
0.92	67.35	80	69.13
0.98	65.24	80	67.32
1.05	69.45	80	70.94
1.11	63.14	80	65.51
1.18	80	27.05	72.56
1.24	80	28.39	72.75
1.31	80	27.57	72.63
1.37	80	18.11	71.3
1.44	79.98	17.76	71.23
1.51	79.98	19.11	71.42
1.57	80	20.48	71.63
1.64	63.14	22.16	57.38
1.7	63.14	23.93	57.63
1.77	80	25.86	72.39
1.83	71.56	28.47	65.5
1.9	67.35	31.56	62.32
1.96	56.83	35.06	53.77
2.03	54.72	39.1	52.53
2.09	48.41	44.07	47.8
2.16	50.51	51.17	50.6
2.23	48.41	52.18	48.94
2.29	50.51	35.43	48.39
2.36	48.41	37.01	46.81
2.42	48.41	41.75	47.47
2.49	56.83	47.92	55.57
2.55	56.83	48.36	55.64
2.62	58.93	44.07	56.84
2.68	58.93	37.08	55.86
2.75	48.41	35.56	46.6
2.81	48.41	39.87	47.21
2.88	79.98	44.26	74.96
2.95	50.51	42.53	49.39
3.01	23.15	43.15	25.96
3.08	23.15	49.62	26.87
3.14	21.05	37.78	23.4
3.21	21.05	41.07	23.86
3.27	33.67	41.24	34.74
3.34	46.3	45.92	46.25
3.4	21.05	47.92	24.82
3.47	18.94	43.33	22.37
3.53	21.05	39.48	23.64
3.6	23.15	43.7	26.04
3.67	58.93	34.81	55.54
3.6	50.51	32.29	47.95
3.53	65.24	11.49	57.69
3.47	67.35	10.48	59.36
3.4	52.62	10.99	46.77
3.34	52.62	11.56	46.85
3.27	21.05	12.09	19.79
3.21	21.05	12.72	19.88
3.14	18.94	13.43	18.17
3.08	21.05	14.1	20.07
3.01	48.41	14.95	43.7
2.95	23.15	15.88	22.13
2.88	18.94	16.83	18.65
2.81	21.05	18.0	20.62
2.75	23.15	19.16	22.59
2.68	23.15	20.67	22.8
2.62	50.51	22.19	46.53
2.55	56.83	23.93	52.2
2.49	46.3	26.04	43.45
2.42	48.41	28.35	45.59
2.36	69.45	31.61	64.13
2.29	54.72	35.06	51.96
2.23	56.83	38.8	54.29
2.16	54.72	44.26	53.25
2.09	50.51	46.03	49.88
2.03	50.51	52.18	50.75
1.96	48.41	47.71	48.31
1.9	48.41	43.7	47.75
1.83	48.41	49.97	48.63
1.77	48.41	47.92	48.34
1.7	48.41	51.42	48.83
1.64	48.41	45.03	47.93
1.57	69.45	47.49	66.37
1.51	69.45	54.71	67.38
1.44	77.87	63.64	75.87
1.37	77.87	69.59	76.71
1.31	77.87	57.77	75.05
1.24	79.98	69.16	78.46
1.18	80	34.69	73.63
1.11	79.98	29.58	72.89
1.05	80	21.45	71.77
0.98	80	21.58	71.79
0.92	80	23.41	72.05
0.85	65.24	25.79	59.7
0.79	69.45	28.06	63.63
0.72	65.24	31.05	60.44
0.65	67.35	34.21	62.69
0.59	63.14	38.5	59.68
0.52	69.45	43.33	65.78
0.46	71.56	49.27	68.43
0.39	67.35	57.62	65.98
0.33	63.14	68.95	63.96
0.26	67.35	80	69.13
0.2	65.24	80	67.32
0.13	67.35	80	69.13
0.07	63.14	80	65.51
0.0	69.45	80	70.94
-0.07	71.56	67.3	70.96
-0.13	69.45	47.17	66.32
-0.2	63.14	52.56	61.65
-0.26	52.62	30.37	49.49
-0.33	50.51	32.13	47.93
-0.39	50.51	35.37	48.38
-0.46	52.62	40.1	50.86
-0.52	50.51	45.42	49.8
-0.46	50.51	52.05	50.73
-0.39	48.41	61.86	50.3
-0.33	50.51	72.72	53.63
-0.26	50.51	49.85	50.42
-0.2	52.62	58.39	53.43
-0.13	52.62	69.16	54.94
-0.07	50.51	80	54.66
0.0	50.51	80	54.66
0.07	54.72	80	58.27
0.13	69.45	80	70.94
0.2	71.56	80	72.75
0.26	67.35	80	69.13
0.33	63.14	80	65.51
0.39	67.35	80	69.13
0.46	65.24	80	67.32
0.52	67.35	80	69.13
0.59	63.14	80	65.51
0.65	67.35	80	69.13
0.72	71.56	80	72.75
0.79	69.45	80	70.94
0.85	63.14	80	65.51
0.92	67.35	80	69.13
0.98	63.14	80	65.51
1.05	67.35	80	69.13
1.11	65.24	80	67.32
1.18	67.35	80	69.13
1.24	80	80	80.0
1.31	67.35	44.74	64.17
1.37	63.14	30.47	58.55
1.44	80	26.04	72.42
1.51	71.56	24.28	64.91
1.57	65.24	26.41	59.79
1.64	73.66	29.13	67.4
1.7	71.56	31.97	65.99
1.77	63.14	35.37	59.24
1.83	61.04	40.1	58.09
1.9	63.14	45.42	60.65
1.96	48.41	52.3	48.96
2.03	48.41	61.68	50.27
2.09	46.3	52.18	47.13
2.16	46.3	36.27	44.89
2.23	46.3	38.95	45.27
2.29	46.3	43.61	45.92
2.36	48.41	45.03	47.93
2.42	46.3	52.18	47.13
2.49	46.3	51.55	47.04
2.55	46.3	51.17	46.99
2.62	46.3	41.75	45.66
2.68	48.41	34.45	46.44
2.75	54.72	30.86	51.37
2.81	48.41	34.15	46.4
2.88	46.3	38.35	45.19
2.95	48.41	42.18	47.53
3.01	23.15	40.91	25.65
3.08	23.15	46.96	26.5
3.14	18.94	42.7	22.28
3.21	21.05	42.09	24.0
3.27	21.05	40.1	23.73
3.34	21.05	44.93	24.4
3.4	35.78	48.93	37.63
3.47	23.15	43.33	25.99
3.53	23.15	39.48	25.45
3.6	21.05	43.98	24.27
3.67	52.62	29.04	49.3
3.6	52.62	31.2	49.61
3.53	63.14	10.99	55.81
3.47	63.14	10.48	55.74
3.4	52.62	11.0	46.77
3.34	50.51	11.48	45.02
3.27	23.15	12.06	21.59
3.21	21.05	12.73	19.88
3.14	21.05	13.36	19.97
3.08	23.15	14.0	21.86
3.01	23.15	14.93	22.0
2.95	21.05	15.81	20.31
2.88	21.05	16.73	20.44
2.81	21.05	17.89	20.6
2.75	23.15	19.09	22.58
2.68	23.15	20.57	22.79
2.62	48.41	22.08	44.71
2.55	75.77	23.84	68.47
2.49	54.72	26.04	50.69
2.42	58.93	28.47	54.65
2.36	48.41	31.2	45.99
2.29	46.3	34.81	44.69
2.23	46.3	38.65	45.23
2.16	48.41	43.88	47.77
2.09	46.3	49.73	46.78
2.03	48.41	51.67	48.87
1.96	58.93	50.93	57.81
1.9	48.41	53.48	49.12
1.83	46.3	51.17	46.99
1.77	46.3	49.97	46.82
1.7	48.41	59.51	49.97
1.64	48.41	70.24	51.48
1.57	61.04	80	63.7
1.51	61.04	80	63.7
1.44	61.04	63.64	61.4
1.37	58.93	63.1	59.52
1.31	61.04	58.87	60.73
1.24	63.14	68.95	63.96
1.18	69.45	27.37	63.54
1.11	65.24	16.52	58.4
1.05	69.45	16.0	61.94
0.98	73.66	17.03	65.7
0.92	67.35	18.22	60.44
0.85	65.24	19.6	58.83
0.79	67.35	20.98	60.83
0.72	65.24	22.72	59.27
0.65	67.35	24.53	61.33
0.59	63.14	26.9	58.05
0.52	67.35	29.39	62.01
0.46	73.66	32.18	67.83
0.39	67.35	36.34	62.99
0.33	65.24	40.66	61.79
0.26	67.35	46.23	64.38
0.2	63.14	53.88	61.84
0.13	69.45	62.21	68.44
0.07	63.14	74.88	64.79
0.0	67.35	80	69.13
-0.07	71.56	80	72.75
-0.13	67.35	48.81	64.74
-0.2	63.14	55.13	62.01
-0.26	52.62	36.07	50.29
-0.33	52.62	40.5	50.91
-0.39	50.51	45.82	49.85
-0.46	52.62	53.22	52.7
-0.52	52.62	62.03	53.94
-0.46	52.62	74.15	55.64
-0.39	50.51	80	54.66
-0.33	50.51	80	54.66
-0.26	50.51	80	54.66
-0.2	52.62	80	56.47
-0.13	50.51	80	54.66
-0.07	52.62	80	56.47
0.0	50.51	80	54.66
0.07	80	80	80.0
0.13	67.35	80	69.13
0.2	73.66	80	74.55
0.26	80	80	80.0
0.33	80	80	80.0
0.39	80	31.3	73.16
0.46	80	33.56	73.47
0.52	80	37.15	73.98
0.59	80	42.09	74.67
0.65	80	48.03	75.51
0.72	71.56	56.13	69.39
0.79	67.35	64.94	67.01
0.85	65.24	78.73	67.14
0.92	67.35	69.38	67.63
0.98	80	62.56	77.55
1.05	69.45	62.74	68.51
1.11	80	64.01	77.75
1.18	80	68.53	78.39
1.24	80	80	80.0
1.31	80	25.58	72.35
1.37	80	28.26	72.73
1.44	80	21.92	71.84
1.51	71.56	21.97	64.59
1.57	63.14	23.87	57.62
1.64	71.56	25.93	65.15
1.7	61.04	28.31	56.43
1.77	61.04	31.05	56.82
1.83	58.93	34.57	55.51
1.9	61.04	38.87	57.92
1.96	48.41	43.79	47.76
2.03	48.41	50.56	48.71
2.09	48.41	41.75	47.47
2.16	46.3	40.42	45.48
2.23	46.3	36.4	44.91
2.29	46.3	40.75	45.52
2.36	48.41	45.82	48.04
2.42	46.3	52.56	47.18
2.49	46.3	51.8	47.07
2.55	46.3	48.93	46.67
2.62	46.3	41.66	45.65
2.68	46.3	35.56	44.79
2.75	56.83	35.94	53.89
2.81	46.3	40.5	45.49
2.88	67.35	46.13	64.37
2.95	77.87	42.18	72.85
3.01	23.15	42.53	25.87
3.08	21.05	49.04	24.98
3.14	21.05	40.99	23.85
3.21	21.05	41.24	23.89
3.27	21.05	39.1	23.58
3.34	21.05	43.98	24.27
3.4	21.05	47.17	24.72
3.47	21.05	42.7	24.09
3.53	23.15	42.53	25.87
3.6	23.15	45.23	26.25
3.67	52.62	27.81	49.13
3.6	52.62	30.86	49.56
3.53	56.83	11.17	50.41
3.47	58.93	10.74	52.16
3.4	65.24	11.2	57.65
3.34	52.62	11.83	46.88
3.27	23.15	12.44	21.65
3.21	21.05	13.13	19.93
3.14	21.05	13.8	20.03
3.08	35.78	14.52	32.79
3.01	21.05	15.44	20.26
2.95	21.05	16.45	20.4
2.88	21.05	17.37	20.53
2.81	21.05	18.65	20.71
2.75	21.05	19.88	20.88
2.68	23.15	21.45	22.91
2.62	52.62	23.09	48.47
2.55	46.3	24.96	43.3
2.49	54.72	27.29	50.87
2.42	58.93	30.09	54.88
2.36	46.3	33.28	44.47
2.29	46.3	37.08	45.01
2.23	46.3	41.32	45.6
2.16	48.41	45.62	48.02
2.09	46.3	47.81	46.52
2.03	46.3	54.02	47.39
1.96	46.3	46.23	46.29
1.9	48.41	50.93	48.76
1.83	48.41	40.34	47.27
1.77	46.3	39.48	45.34
1.7	48.41	44.55	47.86
1.64	48.41	51.55	48.85
1.57	69.45	59.83	68.1
1.51	67.35	71.35	67.91
1.44	69.45	75.62	70.32
1.37	69.45	77.41	70.57
1.31	73.66	72.96	73.56
1.24	67.35	73.67	68.24
1.18	67.35	50.81	65.02
1.11	67.35	51.92	65.18
1.05	65.24	58.39	64.28
0.98	65.24	67.7	65.59
0.92	63.14	69.16	63.99
0.85	65.24	73.67	66.43
0.79	63.14	62.38	63.03
0.72	63.14	67.3	63.72
0.65	65.24	63.46	64.99
0.59	63.14	64.57	63.34
0.52	63.14	61.68	62.94
0.46	63.14	59.03	62.56
0.39	63.14	59.51	62.63
0.33	63.14	61.51	62.91
0.26	63.14	54.16	61.88
0.2	63.14	48.48	61.08
0.13	63.14	49.27	61.19
0.07	67.35	56.87	65.88
0.0	80	57.77	76.88
-0.07	80	59.03	77.05
-0.13	80	46.13	75.24
-0.2	80	47.38	75.42
-0.26	52.62	30.37	49.49
-0.33	50.51	31.0	47.77
-0.39	52.62	23.53	48.53
-0.46	52.62	20.81	48.15
-0.52	52.62	22.08	48.32
-0.46	50.51	23.84	46.76
-0.39	50.51	26.04	47.07
-0.33	50.51	28.39	47.4
-0.26	52.62	31.41	49.64
-0.2	52.62	35.06	50.15
-0.13	52.62	23.03	48.46
-0.07	50.51	21.05	46.37
0.0	75.77	20.86	68.05
0.07	54.72	22.57	50.2
0.13	80	24.5	72.2
0.2	58.93	26.59	54.39
0.26	80	29.17	72.86
0.33	69.45	32.29	64.23
0.39	69.45	33.56	64.41
0.46	67.35	35.06	62.81
0.52	67.35	39.1	63.38
0.59	80	44.55	75.02
0.65	80	50.32	75.83
0.72	50.51	58.39	51.62
0.79	48.41	20.88	44.54
0.85	44.2	21.13	40.96
0.92	42.09	22.74	39.37
0.98	35.78	24.76	34.23
1.05	37.88	23.29	35.83
1.11	35.78	23.0	33.98
1.18	33.67	21.03	31.9
1.24	35.78	22.41	33.9
1.31	35.78	24.05	34.13
1.37	37.88	24.15	35.95
1.44	39.99	21.38	37.37
1.51	35.78	20.76	33.67
1.57	58.93	19.26	53.35
1.64	37.88	19.43	35.29
1.7	16.84	18.38	17.05
1.77	18.94	18.09	18.82
1.83	16.84	17.58	16.94
1.9	16.84	17.51	16.93
1.96	18.94	16.9	18.65
2.03	16.84	16.93	16.85
2.09	18.94	16.81	18.64
2.16	16.84	16.93	16.85
2.23	16.84	16.91	16.85
2.29	16.84	16.83	16.84
2.36	18.94	17.2	18.7
2.42	18.94	17.58	18.75
2.49	16.84	17.85	16.98
2.55	16.84	18.32	17.05
2.62	18.94	18.83	18.93
2.68	16.84	19.75	17.25
2.75	16.84	20.27	17.32
2.81	16.84	20.98	17.42
2.88	31.57	22.0	30.22
2.95	31.57	23.71	30.47
3.01	33.67	25.03	32.46
3.08	33.67	27.61	32.82
3.14	50.51	29.44	47.55
3.21	50.51	32.62	48.0
3.27	35.78	36.07	35.82
3.34	42.09	40.42	41.86
3.4	33.67	45.03	35.27
3.47	58.93	42.79	56.66
3.53	48.41	40.75	47.33
3.6	52.62	44.07	51.42
3.67	27.36	30.56	27.81
3.6	27.36	32.51	28.08
3.53	27.36	11.74	25.17
3.47	27.36	10.98	25.06
3.4	25.26	11.52	23.33
3.34	29.47	12.1	27.02
3.27	46.3	12.74	41.58
3.21	46.3	13.42	41.68
3.14	42.09	14.12	38.16
3.08	35.78	14.91	32.85
3.01	33.67	15.85	31.17
2.95	31.57	16.86	29.5
2.88	48.41	17.94	44.13
2.81	52.62	19.24	47.92
2.75	33.67	20.57	31.83
2.68	33.67	22.24	32.07
2.62	31.57	23.41	30.42
2.55	33.67	23.2	32.2
2.49	16.84	21.3	17.46
2.42	18.94	21.03	19.24
2.36	18.94	19.54	19.03
2.29	16.84	19.32	17.19
2.23	18.94	18.28	18.85
2.16	18.94	18.2	18.84
2.09	16.84	17.53	16.93
2.03	18.94	17.15	18.69
1.96	16.84	16.98	16.86
1.9	16.84	17.0	16.86
1.83	16.84	16.8	16.83
1.77	16.84	16.9	16.85
1.7	18.94	16.93	18.66
1.64	18.94	17.08	18.68
1.57	16.84	17.32	16.9
1.51	16.84	17.41	16.92
1.44	16.84	17.8	16.97
1.37	16.84	18.61	17.09
1.31	18.94	18.95	18.94
1.24	37.88	20.02	35.37
1.18	33.67	20.29	31.79
1.11	33.67	21.84	32.01
1.05	35.78	22.91	33.97
0.98	35.78	24.31	34.17
0.92	33.67	25.61	32.54
0.85	33.67	28.1	32.89
0.79	31.57	29.9	31.33
0.72	33.67	27.21	32.77
0.65	31.57	27.69	31.02
0.59	29.47	30.37	29.59
0.52	29.47	32.94	29.95
0.46	31.57	33.34	31.82
0.39	29.47	33.28	30.0
0.33	29.47	33.51	30.03
0.26	31.57	32.83	31.75
0.2	31.57	32.78	31.74
0.13	31.57	31.87	31.61
0.07	31.57	32.72	31.73
0.0	31.57	16.8	29.49
-0.07	31.57	17.94	29.65
-0.13	31.57	11.39	28.73
-0.2	33.67	8.79	30.18
-0.26	33.67	8.97	30.2
-0.33	35.78	9.37	32.07
-0.39	52.62	9.76	46.59
-0.46	50.51	10.19	44.84
-0.52	52.62	10.64	46.72
-0.46	52.62	11.09	46.78
-0.39	48.41	11.67	43.24
-0.33	50.51	12.18	45.12
-0.26	52.62	12.81	47.02
-0.2	50.51	13.51	45.31
-0.13	52.62	14.27	47.23
-0.07	33.67	15.11	31.06
0.0	42.09	15.97	38.42
0.07	35.78	16.72	33.1
0.13	33.67	9.14	30.23
0.2	33.67	8.37	30.12
0.26	31.57	8.38	28.31
0.33	31.57	8.73	28.36
0.39	31.57	9.07	28.41
0.46	31.57	9.46	28.46
0.52	31.57	9.84	28.51
0.59	31.57	10.28	28.58
0.65	31.57	10.71	28.64
0.72	33.67	11.18	30.51
0.79	29.47	11.73	26.97
0.85	31.57	12.36	28.87
0.92	31.57	12.93	28.95
0.98	31.57	13.64	29.05
1.05	31.57	14.38	29.15
1.11	29.47	15.27	27.47
1.18	33.67	16.11	31.21
1.24	33.67	17.11	31.35
1.31	35.78	18.3	33.32
1.37	35.78	19.6	33.51
1.44	33.67	20.93	31.88
1.51	35.78	21.74	33.81
1.57	18.94	19.56	19.03
1.64	16.84	19.67	17.23
1.7	16.84	18.32	17.05
1.77	16.84	18.09	17.01
1.83	18.94	17.6	18.75
1.9	18.94	17.49	18.74
1.96	18.94	17.08	18.68
2.03	18.94	17.0	18.67
2.09	18.94	16.81	18.64
2.16	18.94	16.8	18.64
2.23	18.94	16.8	18.64
2.29	16.84	16.78	16.83
2.36	16.84	17.23	16.89
2.42	16.84	17.64	16.95
2.49	18.94	17.92	18.8
2.55	18.94	18.55	18.89
2.62	16.84	18.67	17.09
2.68	18.94	19.62	19.04
2.75	16.84	20.22	17.31
2.81	16.84	21.13	17.44
2.88	31.57	21.76	30.19
2.95	31.57	23.53	30.44
3.01	33.67	25.1	32.47
3.08	33.67	27.37	32.79
3.14	50.51	29.49	47.56
3.21	48.41	32.67	46.2
3.27	42.09	36.14	41.26
3.34	35.78	40.42	36.43
3.4	35.78	45.42	37.13
3.47	35.78	42.79	36.76
3.53	46.3	38.65	45.23
3.6	50.51	42.88	49.44
3.67	25.26	34.93	26.62
3.6	25.26	33.11	26.36
3.53	27.36	11.71	25.16
3.47	39.99	10.58	35.86
3.4	27.36	11.08	25.07
3.34	27.36	11.65	25.15
3.27	50.51	12.25	45.13
3.21	48.41	12.88	43.41
3.14	35.78	13.55	32.66
3.08	35.78	14.24	32.75
3.01	42.09	15.11	38.3
2.95	42.09	16.05	38.43
2.88	52.62	17.01	47.61
2.81	48.41	18.19	44.16
2.75	31.57	19.41	29.86
2.68	33.67	20.91	31.88
2.62	31.57	22.44	30.29
2.55	33.67	23.18	32.2
2.49	16.84	21.74	17.53
2.42	16.84	21.03	17.43
2.36	18.94	19.8	19.06
2.29	16.84	19.39	17.2
2.23	18.94	18.36	18.86
2.16	18.94	18.26	18.85
2.09	16.84	17.55	16.94
2.03	16.84	17.22	16.89
1.96	16.84	17.05	16.87
1.9	18.94	17.0	18.67
1.83	18.94	16.86	18.65
1.77	16.84	16.93	16.85
1.7	18.94	17.01	18.67
1.64	18.94	17.13	18.69
1.57	18.94	17.42	18.73
1.51	18.94	17.41	18.73
1.44	16.84	17.83	16.98
1.37	16.84	18.59	17.08
1.31	18.94	19.05	18.96
1.24	18.94	20.02	19.09
1.18	37.88	20.64	35.46
1.11	35.78	22.14	33.86
1.05	35.78	23.06	33.99
0.98	35.78	24.4	34.18
0.92	31.57	25.72	30.75
0.85	31.57	28.18	31.09
0.79	31.57	29.44	31.27
0.72	31.57	27.05	30.93
0.65	31.57	27.41	30.98
0.59	29.47	30.42	29.6
0.52	29.47	32.83	29.94
0.46	31.57	33.28	31.81
0.39	29.47	33.22	29.99
0.33	29.47	33.45	30.03
0.26	31.57	32.35	31.68
0.2	29.47	33.06	29.97
0.13	31.57	31.87	31.61
0.07	31.57	32.72	31.73
0.0	29.47	18.04	27.86
-0.07	29.47	19.22	28.02
-0.13	31.57	9.36	28.45
-0.2	35.78	8.46	31.94
-0.26	42.09	8.59	37.38
-0.33	35.78	8.95	32.01
-0.39	52.62	9.31	46.53
-0.46	52.62	9.73	46.59
-0.52	52.62	10.13	46.64
-0.46	52.62	10.57	46.71
-0.39	50.51	11.02	44.96
-0.33	50.51	11.52	45.03
-0.26	52.62	12.13	46.93
-0.2	50.51	12.8	45.21
-0.13	50.51	13.41	45.3
-0.07	35.78	14.19	32.74
0.0	42.09	14.88	38.27
0.07	33.67	15.87	31.17
0.13	33.67	8.79	30.18
0.2	31.57	8.26	28.29
0.26	29.47	8.46	26.51
0.33	31.57	8.82	28.37
0.39	31.57	9.13	28.42
0.46	31.57	9.57	28.48
0.52	31.57	9.94	28.53
0.59	29.47	10.36	26.78
0.65	31.57	10.83	28.65
0.72	31.57	11.3	28.72
0.79	33.67	11.86	30.61
0.85	29.47	12.48	27.08
0.92	31.57	13.09	28.97
0.98	31.57	13.82	29.08
1.05	31.57	14.57	29.18
1.11	31.57	15.44	29.3
1.18	33.67	16.32	31.24
1.24	33.67	17.32	31.38
1.31	35.78	18.51	33.35
1.37	33.67	19.95	31.75
1.44	37.88	21.2	35.54
1.51	39.99	21.79	37.43
1.57	18.94	19.84	19.07
1.64	18.94	19.58	19.03
1.7	16.84	18.63	17.09
1.77	16.84	18.11	17.02
1.83	18.94	17.62	18.76
1.9	18.94	17.48	18.74
1.96	18.94	17.06	18.68
2.03	16.84	17.01	16.86
2.09	18.94	16.81	18.64
2.16	18.94	16.91	18.66
2.23	16.84	16.9	16.85
2.29	16.84	16.83	16.84
2.36	18.94	17.35	18.72
2.42	16.84	17.67	16.95
2.49	16.84	17.89	16.99
2.55	18.94	18.41	18.87
2.62	18.94	18.69	18.91
2.68	16.84	19.75	17.25
2.75	16.84	20.2	17.31
2.81	18.94	21.1	19.25
2.88	33.67	21.92	32.02
2.95	31.57	23.65	30.46
3.01	33.67	25.06	32.46
3.08	33.67	27.25	32.77
3.14	44.2	29.62	42.15
3.21	33.67	32.62	33.53
3.27	33.67	36.4	34.06
3.34	33.67	40.83	34.68
3.4	46.3	45.62	46.21
3.47	58.93	43.42	56.75
3.53	52.62	40.42	50.9
3.6	50.51	44.83	49.71
3.67	31.57	28.43	31.13
3.6	42.09	31.25	40.57
3.53	25.26	10.99	23.25
3.47	52.62	10.49	46.69
3.4	27.36	10.97	25.06
3.34	29.47	11.53	26.94
3.27	52.62	12.09	46.92
3.21	50.51	12.72	45.2
3.14	42.09	13.38	38.06
3.08	35.78	14.08	32.73
3.01	33.67	14.97	31.05
2.95	33.67	15.84	31.17
2.88	48.41	16.8	43.96
2.81	46.3	17.98	42.32
2.75	31.57	19.07	29.81
2.68	33.67	20.57	31.83
2.62	33.67	22.03	32.04
2.55	33.67	23.12	32.19
2.49	16.84	21.4	17.48
2.42	16.84	21.03	17.43
2.36	18.94	19.56	19.03
2.29	16.84	19.41	17.2
2.23	16.84	18.15	17.02
2.16	18.94	18.2	18.84
2.09	18.94	17.37	18.72
2.03	18.94	17.16	18.69
1.96	16.84	16.85	16.84
1.9	16.84	17.0	16.86
1.83	18.94	16.83	18.65
1.77	16.84	16.93	16.85
1.7	18.94	16.91	18.66
1.64	16.84	17.15	16.88
1.57	18.94	17.42	18.73
1.51	18.94	17.25	18.7
1.44	16.84	17.8	16.97
1.37	21.05	18.57	20.7
1.31	18.94	19.07	18.96
1.24	29.47	20.02	28.14
1.18	35.78	20.6	33.64
1.11	35.78	22.08	33.85
1.05	33.67	22.91	32.16
0.98	33.67	24.37	32.37
0.92	33.67	25.9	32.58
0.85	35.78	28.18	34.71
0.79	33.67	28.65	32.97
0.72	33.67	27.49	32.8
0.65	33.67	27.93	32.87
0.59	33.67	30.71	33.26
0.52	31.57	33.11	31.79
0.46	33.67	33.39	33.64
0.39	33.67	33.28	33.62
0.33	31.57	33.68	31.87
0.26	33.67	33.06	33.59
0.2	31.57	33.56	31.85
0.13	31.57	32.4	31.69
0.07	31.57	32.72	31.73
0.0	33.67	21.05	31.9
-0.07	33.67	16.41	31.25
-0.13	35.78	9.48	32.08
-0.2	80	8.73	69.98
-0.26	35.78	9.05	32.02
-0.33	33.67	9.46	30.27
-0.39	50.51	9.84	44.8
-0.46	52.62	10.29	46.67
-0.52	52.62	10.72	46.73
-0.46	50.51	11.2	44.99
-0.39	50.51	11.78	45.07
-0.33	50.51	12.31	45.14
-0.26	50.51	13.01	45.24
-0.2	52.62	13.7	47.15
-0.13	52.62	14.43	47.25
-0.07	52.62	15.28	47.37
0.0	33.67	16.2	31.22
0.07	35.78	17.25	33.17
0.13	35.78	9.67	32.11
0.2	35.78	8.26	31.91
0.26	33.67	8.45	30.13
0.33	31.57	8.78	28.37
0.39	33.67	9.14	30.23
0.46	33.67	9.52	30.28
0.52	31.57	9.89	28.52
0.59	31.57	10.35	28.59
0.65	31.57	10.79	28.65
0.72	31.57	11.27	28.72
0.79	31.57	11.83	28.8
0.85	31.57	12.44	28.88
0.92	33.67	13.05	30.78
0.98	33.67	13.78	30.88
1.05	33.67	14.48	30.98
1.11	31.57	15.38	29.29
1.18	35.78	16.23	33.03
1.24	35.78	17.22	33.17
1.31	35.78	18.49	33.35
1.37	37.88	19.77	35.34
1.44	37.88	21.28	35.55
1.51	35.78	21.76	33.81
1.57	18.94	19.93	19.08
1.64	18.94	19.69	19.05
1.7	18.94	18.45	18.87
1.77	18.94	18.09	18.82
1.83	18.94	17.58	18.75
1.9	18.94	17.44	18.73
1.96	18.94	17.01	18.67
2.03	18.94	16.98	18.67
2.09	16.84	16.81	16.83
2.16	16.84	16.91	16.85
2.23	16.84	16.85	16.84
2.29	16.84	16.73	16.82
2.36	16.84	17.27	16.9
2.42	18.94	17.67	18.76
2.49	18.94	17.91	18.8
2.55	18.94	18.4	18.87
2.62	18.94	18.75	18.91
2.68	18.94	19.75	19.06
2.75	16.84	20.31	17.33
2.81	16.84	21.05	17.43
2.88	29.47	21.95	28.41
2.95	31.57	23.68	30.46
3.01	29.47	25.1	28.85
3.08	31.57	27.37	30.98
3.14	42.09	29.58	40.33
3.21	35.78	32.94	35.38
3.27	33.67	36.27	34.04
3.34	35.78	40.75	36.48
3.4	56.83	45.62	55.25
3.47	56.83	42.18	54.77
3.53	48.41	41.83	47.48
3.6	46.3	45.03	46.12
3.67	29.47	27.81	29.23
3.6	29.47	30.81	29.65
3.53	27.36	11.27	25.1
3.47	50.51	10.87	44.94
3.4	29.47	11.38	26.92
3.34	31.57	11.98	28.82
3.27	48.41	12.56	43.37
3.21	48.41	13.26	43.47
3.14	42.09	13.95	38.14
3.08	35.78	14.74	32.82
3.01	33.67	15.56	31.13
2.95	33.67	16.57	31.27
2.88	33.67	17.74	31.44
2.81	35.78	18.85	33.4
2.75	33.67	20.25	31.79
2.68	31.57	21.84	30.2
2.62	31.57	23.41	30.42
2.55	31.57	23.23	30.4
2.49	18.94	21.18	19.26
2.42	18.94	21.03	19.24
2.36	18.94	19.51	19.02
2.29	18.94	19.39	19.0
2.23	16.84	18.2	17.03
2.16	16.84	18.3	17.04
2.09	16.84	17.46	16.92
2.03	16.84	17.15	16.88
1.96	16.84	17.08	16.87
1.9	16.84	16.96	16.85
1.83	16.84	16.83	16.84
1.77	16.84	16.95	16.85
1.7	18.94	16.88	18.65
1.64	18.94	17.11	18.68
1.57	18.94	17.3	18.71
1.51	16.84	17.37	16.91
1.44	16.84	17.87	16.98
1.37	18.94	18.67	18.9
1.31	18.94	18.79	18.92
1.24	37.88	19.93	35.36
1.18	37.88	20.38	35.42
1.11	37.88	21.84	35.63
1.05	33.67	22.89	32.16
0.98	35.78	24.31	34.17
0.92	33.67	25.54	32.53
0.85	39.99	27.93	38.29
0.79	33.67	30.18	33.18
0.72	33.67	27.65	32.83
0.65	31.57	28.1	31.08
0.59	35.78	30.9	35.09
0.52	33.67	33.34	33.63
0.46	31.57	33.28	31.81
0.39	31.57	33.68	31.87
0.33	33.67	33.51	33.65
0.26	31.57	33.11	31.79
0.2	31.57	33.56	31.85
0.13	31.57	32.56	31.71
0.07	31.57	32.62	31.72
0.0	33.67	16.52	31.26
-0.07	33.67	16.59	31.27
-0.13	61.04	9.7	53.82
-0.2	35.78	8.67	31.97
-0.26	35.78	8.99	32.01
-0.33	35.78	9.39	32.07
-0.39	50.51	9.77	44.79
-0.46	52.62	10.21	46.66
-0.52	52.62	10.66	46.72
-0.46	52.62	11.12	46.78
-0.39	50.51	11.67	45.05
-0.33	52.62	12.21	46.94
-0.26	50.51	12.87	45.22
-0.2	52.62	13.56	47.13
-0.13	50.51	14.33	45.43
-0.07	50.51	15.15	45.54
0.0	33.67	15.96	31.18
0.07	33.67	17.03	31.33
0.13	58.93	9.64	52.0
0.2	33.67	8.28	30.11
0.26	31.57	8.44	28.32
0.33	33.67	8.8	30.18
0.39	31.57	9.14	28.42
0.46	31.57	9.55	28.48
0.52	31.57	9.91	28.53
0.59	31.57	10.37	28.59
0.65	31.57	10.82	28.65
0.72	33.67	11.28	30.53
0.79	31.57	11.85	28.8
0.85	31.57	12.46	28.88
0.92	33.67	13.07	30.78
0.98	33.67	13.79	30.88
1.05	33.67	14.48	30.98
1.11	31.57	15.42	29.3
1.18	33.67	16.26	31.23
1.24	33.67	17.3	31.37
1.31	33.67	18.53	31.55
1.37	37.88	19.86	35.35
1.44	35.78	21.18	33.73
1.51	33.67	21.71	31.99
1.57	18.94	19.88	19.07
1.64	18.94	19.69	19.05
1.7	16.84	18.36	17.05
1.77	16.84	18.11	17.02
1.83	18.94	17.37	18.72
1.9	18.94	17.49	18.74
1.96	18.94	16.86	18.65
2.03	18.94	17.03	18.67
2.09	18.94	16.81	18.64
2.16	16.84	16.95	16.85
2.23	16.84	16.9	16.85
2.29	16.84	16.78	16.83
2.36	18.94	17.3	18.71
2.42	16.84	17.74	16.96
2.49	18.94	17.89	18.79
2.55	18.94	18.28	18.85
2.62	18.94	18.85	18.93
2.68	16.84	19.88	17.27
2.75	16.84	20.27	17.32
2.81	16.84	21.13	17.44
2.88	31.57	22.05	30.23
2.95	31.57	23.84	30.48
3.01	31.57	25.27	30.68
3.08	31.57	27.53	31.0
3.14	50.51	29.44	47.55
3.21	42.09	32.67	40.77
3.27	35.78	36.47	35.88
3.34	35.78	40.18	36.4
3.4	44.2	44.26	44.21
3.47	52.62	43.7	51.36
3.53	50.51	40.58	49.12
3.6	50.51	43.98	49.59
3.67	39.99	31.25	38.76
3.6	31.57	32.67	31.72
3.53	27.36	11.82	25.18
3.47	52.62	10.99	46.76
3.4	31.57	11.52	28.75
3.34	29.47	12.12	27.03
3.27	48.41	12.72	43.39
3.21	50.51	13.42	45.3
3.14	33.67	14.14	30.93
3.08	35.78	14.92	32.85
3.01	33.67	15.85	31.17
2.95	33.67	16.86	31.31
2.88	52.62	17.92	47.74
2.81	50.51	19.39	46.14
2.75	31.57	20.52	30.02
2.68	31.57	22.41	30.28
2.62	33.67	23.62	32.26
2.55	33.67	23.23	32.21
2.49	16.84	21.45	17.49
2.42	18.94	21.23	19.26
2.36	18.94	19.47	19.02
2.29	18.94	19.51	19.02
2.23	16.84	18.34	17.05
2.16	16.84	18.17	17.02
2.09	18.94	17.56	18.75
2.03	16.84	17.13	16.88
1.96	16.84	17.08	16.87
1.9	16.84	17.0	16.86
1.83	16.84	16.83	16.84
1.77	18.94	16.96	18.66
1.7	16.84	16.96	16.85
1.64	16.84	17.18	16.89
1.57	18.94	17.32	18.71
1.51	18.94	17.35	18.72
1.44	16.84	17.82	16.97
1.37	16.84	18.59	17.08
1.31	27.36	18.99	26.18
1.24	39.99	20.09	37.19
1.18	35.78	20.6	33.64
1.11	33.67	22.03	32.04
1.05	33.67	22.86	32.15
0.98	35.78	24.28	34.16
0.92	35.78	25.58	34.35
0.85	35.78	28.06	34.69
0.79	33.67	30.23	33.19
0.72	35.78	27.85	34.66
0.65	33.67	28.52	32.95
0.59	33.67	31.46	33.36
0.52	33.67	33.51	33.65
0.46	33.67	33.28	33.62
0.39	31.57	33.62	31.86
0.33	33.67	34.03	33.72
0.26	33.67	33.22	33.61
0.2	33.67	33.62	33.67
0.13	33.67	32.56	33.52
0.07	35.78	33.62	35.48
0.0	35.78	11.97	32.43
-0.07	79.98	10.4	70.2
-0.13	80	9.73	70.12
-0.2	80	10.16	70.18
-0.26	52.62	10.59	46.71
-0.33	50.51	11.13	44.98
-0.39	52.62	11.67	46.86
-0.46	50.51	12.2	45.13
-0.52	50.51	12.83	45.21
-0.46	52.62	13.49	47.12
-0.39	50.51	14.25	45.41
-0.33	50.51	15.02	45.52
-0.26	52.62	15.97	47.47
-0.2	52.62	17.01	47.61
-0.13	52.62	18.07	47.76
-0.07	50.51	19.39	46.14
0.0	52.62	20.74	48.14
0.07	33.67	22.41	32.09
0.13	35.78	9.73	32.12
0.2	33.67	8.2	30.09
0.26	31.57	8.34	28.3
0.33	35.78	8.7	31.97
0.39	31.57	9.01	28.4
0.46	31.57	9.41	28.45
0.52	33.67	9.79	30.32
0.59	33.67	10.25	30.38
0.65	31.57	10.63	28.63
0.72	33.67	11.13	30.51
0.79	33.67	11.68	30.58
0.85	33.67	12.28	30.67
0.92	33.67	12.86	30.75
0.98	33.67	13.56	30.85
1.05	35.78	14.28	32.76
1.11	35.78	15.16	32.88
1.18	35.78	16.03	33.0
1.24	35.78	16.98	33.14
1.31	35.78	18.13	33.3
1.37	33.67	19.43	31.67
1.44	35.78	20.76	33.67
1.51	33.67	21.56	31.97
1.57	29.47	19.54	28.07
1.64	18.94	19.58	19.03
1.7	16.84	18.19	17.03
1.77	18.94	18.04	18.81
1.83	18.94	17.37	18.72
1.9	18.94	17.42	18.73
1.96	18.94	16.86	18.65
2.03	18.94	16.96	18.66
2.09	14.73	16.86	15.03
2.16	16.84	16.78	16.83
2.23	16.84	16.8	16.83
2.29	16.84	16.85	16.84
2.36	16.84	17.13	16.88
2.42	18.94	17.56	18.75
2.49	16.84	17.89	16.99
2.55	16.84	18.38	17.05
2.62	18.94	18.71	18.91
2.68	16.84	19.8	17.25
2.75	16.84	20.25	17.32
2.81	16.84	21.03	17.43
2.88	42.09	21.82	39.24
2.95	33.67	23.59	32.26
3.01	46.3	24.96	43.3
3.08	42.09	27.29	40.01
3.14	35.78	29.44	34.89
3.21	35.78	32.56	35.33
3.27	35.78	36.07	35.82
3.34	33.67	40.34	34.61
3.4	52.62	44.45	51.47
3.47	50.51	43.61	49.54
3.53	48.41	39.56	47.16
3.6	48.41	43.42	47.71
3.67	37.88	36.81	37.73
3.6	27.36	33.11	28.17
3.53	23.15	11.94	21.58
3.47	25.26	10.79	23.22
3.4	27.36	11.28	25.1
3.34	50.51	11.86	45.08
3.27	48.41	12.45	43.35
3.21	52.62	13.15	47.07
3.14	50.51	13.84	45.36
3.08	52.62	14.61	47.27
3.01	35.78	15.49	32.93
2.95	33.67	16.45	31.25
2.88	35.78	17.49	33.21
2.81	46.3	18.73	42.43
2.75	48.41	20.0	44.41
2.68	48.41	21.58	44.64
2.62	42.09	23.18	39.43
2.55	35.78	23.26	34.02
2.49	18.94	21.53	19.31
2.42	18.94	21.05	19.24
2.36	16.84	19.69	17.24
2.29	18.94	19.41	19.01
2.23	16.84	18.34	17.05
2.16	16.84	18.24	17.03
2.09	18.94	17.58	18.75
2.03	16.84	17.35	16.91
1.96	18.94	17.08	18.68
1.9	16.84	17.18	16.89
1.83	16.84	16.75	16.82
1.77	16.84	16.95	16.85
1.7	16.84	17.08	16.87
1.64	18.94	17.34	18.72
1.57	18.94	17.39	18.72
1.51	18.94	17.34	18.72
1.44	16.84	17.85	16.98
1.37	18.94	18.67	18.9
1.31	39.99	19.09	37.05
1.24	37.88	20.18	35.39
1.18	37.88	20.64	35.46
1.11	35.78	22.14	33.86
1.05	33.67	23.26	32.21
0.98	33.67	24.44	32.38
0.92	33.67	25.68	32.55
0.85	37.88	28.18	36.52
0.79	35.78	30.76	35.07
0.72	33.67	30.04	33.16
0.65	33.67	30.86	33.28
0.59	33.67	34.09	33.73
0.52	37.88	35.31	37.52
0.46	37.88	35.75	37.58
0.39	35.78	36.74	35.91
0.33	33.67	36.47	34.07
0.26	35.78	35.75	35.78
0.2	35.78	36.27	35.85
0.13	35.78	28.47	34.75
0.07	35.78	31.51	35.18
0.0	80	11.86	70.42
-0.07	80	9.47	70.09
-0.13	80	9.21	70.05
-0.2	80	9.62	70.11
-0.26	52.62	10.01	46.63
-0.33	50.51	10.48	44.88
-0.39	50.51	10.93	44.95
-0.46	52.62	11.48	46.83
-0.52	50.51	12.0	45.1
-0.46	52.62	12.59	46.99
-0.39	50.51	13.29	45.28
-0.33	50.51	13.99	45.38
-0.26	50.51	14.76	45.49
-0.2	52.62	15.63	47.42
-0.13	52.62	16.7	47.57
-0.07	50.51	17.76	45.91
0.0	50.51	18.91	46.07
0.07	54.72	20.38	49.89
0.13	80	14.32	70.77
0.2	80	12.39	70.5
0.26	80	10.35	70.21
0.33	73.66	9.82	64.69
0.39	35.78	10.24	32.19
0.46	35.78	10.71	32.26
0.52	33.67	11.19	30.51
0.59	33.67	11.75	30.59
0.65	33.67	12.3	30.67
0.72	35.78	12.91	32.56
0.79	33.67	13.63	30.86
0.85	35.78	14.41	32.78
0.92	35.78	15.2	32.89
0.98	35.78	16.17	33.02
1.05	39.99	17.11	36.77
1.11	37.88	18.34	35.14
1.18	37.88	19.6	35.31
1.24	37.88	20.83	35.49
1.31	39.99	22.6	37.54
1.37	39.99	24.28	37.78
1.44	39.99	21.58	37.4
1.51	39.99	21.82	37.43
1.57	31.57	19.73	29.91
1.64	18.94	19.64	19.04
1.7	16.84	18.34	17.05
1.77	18.94	18.07	18.82
1.83	18.94	17.58	18.75
1.9	18.94	17.46	18.73
1.96	16.84	17.1	16.87
2.03	18.94	16.98	18.67
2.09	16.84	16.65	16.81
2.16	16.84	16.78	16.83
2.23	16.84	16.78	16.83
2.29	14.73	16.65	15.0
2.36	16.84	17.11	16.88
2.42	16.84	17.67	16.95
2.49	16.84	17.98	17.0
2.55	18.94	18.34	18.86
2.62	18.94	18.59	18.89
2.68	18.94	19.77	19.06
2.75	16.84	20.27	17.32
2.81	16.84	21.0	17.42
2.88	39.99	21.92	37.45
2.95	35.78	23.99	34.12
3.01	33.67	25.13	32.47
3.08	35.78	27.25	34.58
3.14	35.78	29.58	34.91
3.21	35.78	32.78	35.36
3.27	33.67	36.27	34.04
3.34	33.67	40.5	34.63
3.4	42.09	45.92	42.63
3.47	61.04	42.61	58.45
3.53	50.51	38.57	48.83
3.6	50.51	42.97	49.45
3.67	52.62	31.1	49.59
3.6	37.88	32.67	37.15
3.53	25.26	11.34	23.3
3.47	52.62	10.49	46.69
3.4	52.62	10.98	46.76
3.34	48.41	11.52	43.22
3.27	48.41	12.08	43.3
3.21	33.67	12.74	30.73
3.14	33.67	13.39	30.82
3.08	31.57	14.1	29.11
3.01	31.57	14.91	29.23
2.95	31.57	15.87	29.36
2.88	29.47	16.8	27.68
2.81	31.57	17.96	29.66
2.75	29.47	19.13	28.01
2.68	29.47	20.57	28.22
2.62	18.94	22.11	19.39
2.55	18.94	23.2	19.54
2.49	18.94	21.74	19.33
2.42	18.94	21.35	19.28
2.36	18.94	19.84	19.07
2.29	18.94	19.56	19.03
2.23	16.84	18.38	17.05
2.16	18.94	18.32	18.85
2.09	18.94	17.67	18.76
2.03	16.84	17.23	16.89
1.96	18.94	17.08	18.68
1.9	18.94	17.23	18.7
1.83	16.84	16.86	16.84
1.77	18.94	16.95	18.66
1.7	18.94	16.98	18.67
1.64	16.84	17.46	16.92
1.57	18.94	17.51	18.74
1.51	16.84	17.37	16.91
1.44	16.84	17.94	16.99
1.37	16.84	18.75	17.11
1.31	18.94	19.09	18.96
1.24	18.94	20.13	19.11
1.18	37.88	20.69	35.47
1.11	37.88	22.24	35.69
1.05	35.78	23.29	34.02
0.98	33.67	24.83	32.43
0.92	35.78	26.11	34.42
0.85	35.78	28.65	34.78
0.79	33.67	31.3	33.34
0.72	33.67	31.46	33.36
0.65	35.78	31.97	35.24
0.59	33.67	35.18	33.89
0.52	33.67	35.31	33.9
0.46	35.78	34.93	35.66
0.39	35.78	35.37	35.72
0.33	33.67	36.14	34.02
0.26	35.78	35.88	35.79
0.2	35.78	36.14	35.83
0.13	37.88	26.78	36.32
0.07	35.78	29.49	34.89
0.0	39.99	11.63	36.0
-0.07	39.99	9.09	35.64
-0.13	80	9.13	70.04
-0.2	80	9.55	70.1
-0.26	52.62	9.95	46.62
-0.33	52.62	10.41	46.68
-0.39	50.51	10.82	44.93
-0.46	50.51	11.33	45.0
-0.52	50.51	11.86	45.08
-0.46	50.51	12.47	45.17
-0.39	50.51	13.12	45.26
-0.33	52.62	13.81	47.16
-0.26	50.51	14.66	45.47
-0.2	50.51	15.52	45.59
-0.13	52.62	16.46	47.53
-0.07	50.51	17.51	45.87
0.0	50.51	18.65	46.03
0.07	80	20.04	71.57
0.13	80	21.43	71.77
0.2	61.04	23.06	55.7
0.26	73.66	19.28	66.02
0.33	80	17.44	71.21
0.39	80	18.69	71.38
0.46	54.72	19.97	49.84
0.52	46.3	21.45	42.81
0.59	46.3	23.2	43.06
0.65	42.09	25.16	39.71
0.72	42.09	27.29	40.01
0.79	42.09	29.85	40.37
0.85	42.09	33.28	40.85
0.92	44.2	37.01	43.19
0.98	44.2	41.66	43.84
1.05	46.3	46.85	46.38
1.11	48.41	52.18	48.94
1.18	46.3	53.62	47.33
1.24	42.09	52.18	43.51
1.31	42.09	53.88	43.75
1.37	44.2	56.28	45.9
1.44	42.09	55.13	43.93
1.51	48.41	64.38	50.65
1.57	48.41	66.49	50.95
1.64	52.62	73.67	55.58
1.7	52.62	72.49	55.41
1.77	48.41	80	52.85
1.83	52.62	73.67	55.58
1.9	58.93	69.59	60.43
1.96	52.62	59.35	53.56
2.03	48.41	69.59	51.38
2.09	46.3	70.46	49.7
2.16	46.3	80	51.04
2.23	65.24	50.21	63.13
2.29	48.41	40.99	47.36
2.36	46.3	45.82	46.24
2.42	46.3	52.69	47.2
2.49	46.3	59.67	48.18
2.55	46.3	63.28	48.69
2.62	44.2	41.32	43.79
2.68	44.2	34.45	42.83
2.75	44.2	37.36	43.24
2.81	44.2	42.0	43.89
2.88	44.2	47.92	44.72
2.95	44.2	43.42	44.09
3.01	48.41	44.26	47.82
3.08	63.14	51.8	61.55
3.14	48.41	40.1	47.24
3.21	48.41	40.83	47.34
3.27	46.3	39.63	45.37
3.34	48.41	44.83	47.91
3.4	48.41	47.49	48.28
3.47	48.41	42.53	47.58
3.53	48.41	43.06	47.66
3.6	48.41	45.62	48.02
3.67	52.62	28.22	49.19
3.6	27.36	31.25	27.91
3.53	23.15	10.53	21.38
3.47	25.26	10.78	23.22
3.4	50.51	11.29	45.0
3.34	31.57	11.88	28.8
3.27	31.57	12.46	28.88
3.21	50.51	13.14	45.26
3.14	29.47	13.82	27.27
3.08	31.57	14.48	29.17
3.01	42.09	15.44	38.35
2.95	48.41	16.54	43.93
2.88	50.51	17.35	45.85
2.81	46.3	18.83	42.44
2.75	16.84	20.22	17.31
2.68	16.84	21.71	17.52
2.62	16.84	20.31	17.33
2.55	18.94	20.02	19.09
2.49	16.84	18.81	17.11
2.42	16.84	18.79	17.11
2.36	16.84	17.83	16.98
2.29	16.84	17.78	16.97
2.23	14.73	16.9	15.04
2.16	16.84	17.0	16.86
2.09	16.84	16.54	16.8
2.03	16.84	16.34	16.77
1.96	16.84	16.38	16.77
1.9	16.84	16.51	16.79
1.83	18.94	16.57	18.61
1.77	18.94	16.75	18.63
1.7	18.94	17.01	18.67
1.64	16.84	17.58	16.94
1.57	16.84	17.94	16.99
1.51	16.84	18.07	17.01
1.44	37.88	18.87	35.21
1.37	37.88	20.11	35.39
1.31	39.99	20.6	37.26
1.24	37.88	21.92	35.64
1.18	35.78	22.57	33.92
1.11	35.78	24.5	34.19
1.05	33.67	26.22	32.63
0.98	35.78	28.47	34.75
0.92	33.67	31.25	33.33
0.85	33.67	30.61	33.24
0.79	35.78	31.2	35.14
0.72	35.78	34.09	35.54
0.65	33.67	35.56	33.94
0.59	33.67	36.54	34.08
0.52	33.67	35.24	33.9
0.46	33.67	34.57	33.8
0.39	35.78	36.01	35.81
0.33	35.78	35.94	35.8
0.26	37.88	34.69	37.43
0.2	37.88	34.33	37.38
0.13	37.88	13.85	34.51
0.07	37.88	10.98	34.1
0.0	35.78	10.18	32.18
-0.07	37.88	10.18	33.99
-0.13	37.88	10.67	34.06
-0.2	37.88	11.2	34.13
-0.26	52.62	11.73	46.87
-0.33	52.62	12.28	46.95
-0.39	50.51	12.9	45.22
-0.46	52.62	13.65	47.14
-0.52	52.62	14.38	47.24
-0.46	52.62	15.15	47.35
-0.39	50.51	16.14	45.68
-0.33	50.51	17.06	45.81
-0.26	52.62	18.22	47.78
-0.2	52.62	19.56	47.97
-0.13	50.51	20.93	46.35
-0.07	50.51	22.66	46.6
0.0	50.51	24.44	46.85
0.07	54.72	26.67	50.78
0.13	80	29.13	72.85
0.2	37.88	31.92	37.05
0.26	35.78	11.43	32.36
0.33	35.78	8.87	32.0
0.39	33.67	9.12	30.22
0.46	37.88	9.47	33.89
0.52	35.78	9.86	32.14
0.59	35.78	10.38	32.21
0.65	33.67	10.76	30.45
0.72	35.78	11.23	32.33
0.79	35.78	11.79	32.41
0.85	35.78	12.47	32.5
0.92	35.78	13.08	32.59
0.98	33.67	13.82	30.88
1.05	35.78	14.56	32.8
1.11	35.78	15.44	32.92
1.18	33.67	16.34	31.24
1.24	35.78	17.34	33.19
1.31	35.78	18.53	33.35
1.37	35.78	19.93	33.55
1.44	75.77	21.38	68.12
1.51	73.66	23.15	66.56
1.57	39.99	21.51	37.39
1.64	39.99	21.35	37.37
1.7	37.88	19.51	35.3
1.77	37.88	19.24	35.26
1.83	18.94	18.09	18.82
1.9	16.84	18.11	17.02
1.96	18.94	17.08	18.68
2.03	18.94	17.25	18.7
2.09	16.84	16.37	16.77
2.16	16.84	16.49	16.79
2.23	18.94	16.2	18.56
2.29	18.94	16.02	18.53
2.36	16.84	16.26	16.76
2.42	16.84	16.49	16.79
2.49	16.84	16.56	16.8
2.55	16.84	16.93	16.85
2.62	16.84	17.15	16.88
2.68	16.84	17.64	16.95
2.75	16.84	18.09	17.01
2.81	16.84	18.3	17.04
2.88	18.94	19.07	18.96
2.95	18.94	20.36	19.14
3.01	16.84	21.43	17.48
3.08	16.84	22.91	17.69
3.14	21.05	23.47	21.39
3.21	23.15	25.68	23.51
3.27	31.57	27.53	31.0
3.34	29.47	30.13	29.56
3.4	31.57	34.03	31.92
3.47	31.57	37.92	32.46
3.53	31.57	40.75	32.86
3.6	31.57	45.03	33.46
3.67	25.26	30.27	25.96
3.6	27.36	32.62	28.1
3.53	25.26	11.25	23.29
3.47	25.26	11.08	23.26
3.4	63.14	11.61	55.9
3.34	52.62	12.25	46.94
3.27	48.41	12.86	43.41
3.21	52.62	13.58	47.13
3.14	52.62	14.26	47.23
3.08	50.51	15.08	45.53
3.01	27.36	16.0	25.76
2.95	27.36	17.1	25.92
2.88	27.36	18.22	26.08
2.81	16.84	19.51	17.21
2.75	18.94	20.69	19.19
2.68	18.94	20.91	19.22
2.62	16.84	18.89	17.13
2.55	18.94	18.67	18.9
2.49	14.73	17.65	15.14
2.42	14.73	17.51	15.12
2.36	14.73	16.7	15.01
2.29	14.73	16.75	15.02
2.23	14.73	16.02	14.91
2.16	14.73	16.06	14.92
2.09	14.73	15.55	14.85
2.03	16.84	15.3	16.62
1.96	16.84	15.23	16.61
1.9	16.84	15.48	16.65
1.83	18.94	15.52	18.46
1.77	18.94	15.81	18.5
1.7	16.84	16.2	16.75
1.64	16.84	16.72	16.82
1.57	16.84	17.08	16.87
1.51	16.84	17.27	16.9
1.44	44.2	18.15	40.54
1.37	44.2	19.34	40.7
1.31	37.88	20.06	35.38
1.24	37.88	21.33	35.56
1.18	39.99	22.27	37.5
1.11	39.99	24.15	37.76
1.05	39.99	26.04	38.03
0.98	37.88	28.43	36.56
0.92	37.88	31.35	36.97
0.85	39.99	31.25	38.76
0.79	37.88	32.67	37.15
0.72	37.88	35.75	37.58
0.65	35.78	36.81	35.92
0.59	37.88	37.78	37.87
0.52	35.78	36.6	35.9
0.46	35.78	36.14	35.83
0.39	33.67	36.54	34.08
0.33	35.78	37.22	35.98
0.26	35.78	29.9	34.95
0.2	37.88	32.62	37.14
0.13	37.88	9.97	33.96
0.07	80	9.15	70.04
0.0	39.99	9.45	35.7
-0.07	42.09	9.81	37.56
-0.13	80	10.38	70.21
-0.2	80	10.88	70.28
-0.26	52.62	11.28	46.81
-0.33	52.62	11.88	46.89
-0.39	50.51	12.34	45.15
-0.46	50.51	13.13	45.26
-0.52	52.62	13.66	47.14
-0.46	52.62	14.46	47.25
-0.39	50.51	15.31	45.56
-0.33	50.51	16.21	45.69
-0.26	50.51	17.28	45.84
-0.2	52.62	18.49	47.82
-0.13	50.51	19.71	46.18
-0.07	50.51	21.25	46.4
0.0	52.62	22.83	48.43
0.07	54.72	24.83	50.52
0.13	80	27.01	72.55
0.2	75.77	29.53	69.27
0.26	37.88	28.14	36.51
0.33	39.99	13.07	36.2
0.39	37.88	9.92	33.95
0.46	37.88	9.69	33.92
0.52	37.88	10.1	33.98
0.59	37.88	10.58	34.05
0.65	37.88	11.02	34.11
0.72	37.88	11.55	34.18
0.79	35.78	12.11	32.45
0.85	37.88	12.78	34.35
0.92	35.78	13.42	32.64
0.98	35.78	14.19	32.74
1.05	35.78	14.96	32.85
1.11	37.88	15.9	34.79
1.18	35.78	16.83	33.12
1.24	35.78	17.89	33.26
1.31	37.88	19.13	35.25
1.37	37.88	20.76	35.48
1.44	37.88	21.92	35.64
1.51	39.99	24.21	37.77
1.57	42.09	20.67	39.08
1.64	42.09	20.6	39.07
1.7	44.2	18.65	40.61
1.77	42.09	17.98	38.7
1.83	16.84	16.86	16.84
1.9	16.84	16.65	16.81
1.96	16.84	15.88	16.7
2.03	18.94	15.71	18.49
2.09	16.84	14.81	16.55
2.16	16.84	14.89	16.56
2.23	12.63	14.25	12.86
2.29	14.73	14.09	14.64
